2019-05-28 16:28:03,789 INFO 10562 [egg:logger] init all loggers with options: {"dir":"/Users/hjy/Desktop/开课吧/myself/node/code/基于Koa定制自己的企业级MVC框架--08/egg-example/logs/example","encoding":"utf8","env":"local","level":"INFO","consoleLevel":"INFO","disableConsoleAfterReady":false,"outputJSON":false,"buffer":true,"appLogName":"example-web.log","coreLogName":"egg-web.log","agentLogName":"egg-agent.log","errorLogName":"common-error.log","coreLogger":{"consoleLevel":"WARN"},"allowDebugAtProd":false,"type":"application"}
2019-05-28 16:28:03,836 INFO 10562 [egg-multipart] stream mode enable
2019-05-28 16:28:04,004 INFO 10562 [egg-static] starting static serve /public/ -> /Users/hjy/Desktop/开课吧/myself/node/code/基于Koa定制自己的企业级MVC框架--08/egg-example/app/public
2019-05-28 16:28:04,008 INFO 10562 [egg-security] use csrf middleware
2019-05-28 16:28:04,009 INFO 10562 [egg-security] use methodnoallow middleware
2019-05-28 16:28:04,010 INFO 10562 [egg-security] use noopen middleware
2019-05-28 16:28:04,011 INFO 10562 [egg-security] use nosniff middleware
2019-05-28 16:28:04,011 INFO 10562 [egg-security] use xssProtection middleware
2019-05-28 16:28:04,012 INFO 10562 [egg-security] use xframe middleware
2019-05-28 16:28:04,013 INFO 10562 [egg-security] use dta middleware
2019-05-28 16:28:04,013 INFO 10562 [egg-security] compose 7 middlewares into one security middleware
2019-05-28 16:28:04,040 INFO 10562 [egg:core] dump config after load, 13ms
2019-05-28 16:28:04,064 INFO 10562 [egg-watcher:application] watcher start success
2019-05-28 16:28:04,077 INFO 10562 [egg:core] dump config after ready, 7ms
2019-05-28 16:29:44,509 INFO 10612 [egg:logger] init all loggers with options: {"dir":"/Users/hjy/Desktop/开课吧/myself/node/code/基于Koa定制自己的企业级MVC框架--08/egg-example/logs/example","encoding":"utf8","env":"local","level":"INFO","consoleLevel":"INFO","disableConsoleAfterReady":false,"outputJSON":false,"buffer":true,"appLogName":"example-web.log","coreLogName":"egg-web.log","agentLogName":"egg-agent.log","errorLogName":"common-error.log","coreLogger":{"consoleLevel":"WARN"},"allowDebugAtProd":false,"type":"application"}
2019-05-28 16:29:44,580 INFO 10612 [egg-multipart] stream mode enable
2019-05-28 16:29:44,721 INFO 10612 [egg-static] starting static serve /public/ -> /Users/hjy/Desktop/开课吧/myself/node/code/基于Koa定制自己的企业级MVC框架--08/egg-example/app/public
2019-05-28 16:29:44,726 INFO 10612 [egg-security] use csrf middleware
2019-05-28 16:29:44,728 INFO 10612 [egg-security] use methodnoallow middleware
2019-05-28 16:29:44,730 INFO 10612 [egg-security] use noopen middleware
2019-05-28 16:29:44,732 INFO 10612 [egg-security] use nosniff middleware
2019-05-28 16:29:44,733 INFO 10612 [egg-security] use xssProtection middleware
2019-05-28 16:29:44,735 INFO 10612 [egg-security] use xframe middleware
2019-05-28 16:29:44,737 INFO 10612 [egg-security] use dta middleware
2019-05-28 16:29:44,737 INFO 10612 [egg-security] compose 7 middlewares into one security middleware
2019-05-28 16:29:44,750 INFO 10612 [egg:core] dump config after load, 7ms
2019-05-28 16:29:44,766 INFO 10612 [egg-watcher:application] watcher start success
2019-05-28 16:29:44,780 INFO 10612 [egg:core] dump config after ready, 12ms
2019-05-28 16:29:46,503 INFO 10613 [egg:logger] init all loggers with options: {"dir":"/Users/hjy/Desktop/开课吧/myself/node/code/基于Koa定制自己的企业级MVC框架--08/egg-example/logs/example","encoding":"utf8","env":"local","level":"INFO","consoleLevel":"INFO","disableConsoleAfterReady":false,"outputJSON":false,"buffer":true,"appLogName":"example-web.log","coreLogName":"egg-web.log","agentLogName":"egg-agent.log","errorLogName":"common-error.log","coreLogger":{"consoleLevel":"WARN"},"allowDebugAtProd":false,"type":"application"}
2019-05-28 16:29:46,547 INFO 10613 [egg-multipart] stream mode enable
2019-05-28 16:29:46,604 INFO 10613 [egg-static] starting static serve /public/ -> /Users/hjy/Desktop/开课吧/myself/node/code/基于Koa定制自己的企业级MVC框架--08/egg-example/app/public
2019-05-28 16:29:46,607 INFO 10613 [egg-security] use csrf middleware
2019-05-28 16:29:46,609 INFO 10613 [egg-security] use methodnoallow middleware
2019-05-28 16:29:46,609 INFO 10613 [egg-security] use noopen middleware
2019-05-28 16:29:46,610 INFO 10613 [egg-security] use nosniff middleware
2019-05-28 16:29:46,611 INFO 10613 [egg-security] use xssProtection middleware
2019-05-28 16:29:46,611 INFO 10613 [egg-security] use xframe middleware
2019-05-28 16:29:46,611 INFO 10613 [egg-security] use dta middleware
2019-05-28 16:29:46,611 INFO 10613 [egg-security] compose 7 middlewares into one security middleware
2019-05-28 16:29:46,624 INFO 10613 [egg:core] dump config after load, 8ms
2019-05-28 16:29:46,641 INFO 10613 [egg-watcher:application] watcher start success
2019-05-28 16:29:46,649 INFO 10613 [egg:core] dump config after ready, 5ms
2019-05-28 16:30:22,778 INFO 10641 [egg:logger] init all loggers with options: {"dir":"/Users/hjy/Desktop/开课吧/myself/node/code/基于Koa定制自己的企业级MVC框架--08/egg-example/logs/example","encoding":"utf8","env":"local","level":"INFO","consoleLevel":"INFO","disableConsoleAfterReady":false,"outputJSON":false,"buffer":true,"appLogName":"example-web.log","coreLogName":"egg-web.log","agentLogName":"egg-agent.log","errorLogName":"common-error.log","coreLogger":{"consoleLevel":"WARN"},"allowDebugAtProd":false,"type":"application"}
2019-05-28 16:30:22,830 INFO 10641 [egg-multipart] stream mode enable
2019-05-28 16:30:22,998 INFO 10641 [egg-static] starting static serve /public/ -> /Users/hjy/Desktop/开课吧/myself/node/code/基于Koa定制自己的企业级MVC框架--08/egg-example/app/public
2019-05-28 16:30:23,003 INFO 10641 [egg-security] use csrf middleware
2019-05-28 16:30:23,006 INFO 10641 [egg-security] use methodnoallow middleware
2019-05-28 16:30:23,008 INFO 10641 [egg-security] use noopen middleware
2019-05-28 16:30:23,011 INFO 10641 [egg-security] use nosniff middleware
2019-05-28 16:30:23,013 INFO 10641 [egg-security] use xssProtection middleware
2019-05-28 16:30:23,015 INFO 10641 [egg-security] use xframe middleware
2019-05-28 16:30:23,017 INFO 10641 [egg-security] use dta middleware
2019-05-28 16:30:23,017 INFO 10641 [egg-security] compose 7 middlewares into one security middleware
2019-05-28 16:30:23,032 INFO 10641 [egg:core] dump config after load, 7ms
2019-05-28 16:30:23,048 INFO 10641 [egg-watcher:application] watcher start success
2019-05-28 16:30:23,056 INFO 10641 [egg:core] dump config after ready, 5ms
2019-05-28 16:31:13,119 INFO 10669 [egg:logger] init all loggers with options: {"dir":"/Users/hjy/Desktop/开课吧/myself/node/code/基于Koa定制自己的企业级MVC框架--08/egg-example/logs/example","encoding":"utf8","env":"local","level":"INFO","consoleLevel":"INFO","disableConsoleAfterReady":false,"outputJSON":false,"buffer":true,"appLogName":"example-web.log","coreLogName":"egg-web.log","agentLogName":"egg-agent.log","errorLogName":"common-error.log","coreLogger":{"consoleLevel":"WARN"},"allowDebugAtProd":false,"type":"application"}
2019-05-28 16:31:13,164 INFO 10669 [egg-multipart] stream mode enable
2019-05-28 16:31:13,345 INFO 10669 [egg-static] starting static serve /public/ -> /Users/hjy/Desktop/开课吧/myself/node/code/基于Koa定制自己的企业级MVC框架--08/egg-example/app/public
2019-05-28 16:31:13,353 INFO 10669 [egg-security] use csrf middleware
2019-05-28 16:31:13,356 INFO 10669 [egg-security] use methodnoallow middleware
2019-05-28 16:31:13,358 INFO 10669 [egg-security] use noopen middleware
2019-05-28 16:31:13,361 INFO 10669 [egg-security] use nosniff middleware
2019-05-28 16:31:13,363 INFO 10669 [egg-security] use xssProtection middleware
2019-05-28 16:31:13,364 INFO 10669 [egg-security] use xframe middleware
2019-05-28 16:31:13,370 INFO 10669 [egg-security] use dta middleware
2019-05-28 16:31:13,370 INFO 10669 [egg-security] compose 7 middlewares into one security middleware
2019-05-28 16:31:13,392 INFO 10669 [egg:core] dump config after load, 13ms
2019-05-28 16:31:13,415 INFO 10669 [egg-watcher:application] watcher start success
2019-05-28 16:31:13,428 INFO 10669 [egg:core] dump config after ready, 9ms
2019-05-28 16:31:47,967 INFO 10689 [egg:logger] init all loggers with options: {"dir":"/Users/hjy/Desktop/开课吧/myself/node/code/基于Koa定制自己的企业级MVC框架--08/egg-example/logs/example","encoding":"utf8","env":"local","level":"INFO","consoleLevel":"INFO","disableConsoleAfterReady":false,"outputJSON":false,"buffer":true,"appLogName":"example-web.log","coreLogName":"egg-web.log","agentLogName":"egg-agent.log","errorLogName":"common-error.log","coreLogger":{"consoleLevel":"WARN"},"allowDebugAtProd":false,"type":"application"}
2019-05-28 16:31:48,003 INFO 10689 [egg-multipart] stream mode enable
2019-05-28 16:31:48,053 INFO 10689 [egg-static] starting static serve /public/ -> /Users/hjy/Desktop/开课吧/myself/node/code/基于Koa定制自己的企业级MVC框架--08/egg-example/app/public
2019-05-28 16:31:48,056 INFO 10689 [egg-security] use csrf middleware
2019-05-28 16:31:48,057 INFO 10689 [egg-security] use methodnoallow middleware
2019-05-28 16:31:48,057 INFO 10689 [egg-security] use noopen middleware
2019-05-28 16:31:48,058 INFO 10689 [egg-security] use nosniff middleware
2019-05-28 16:31:48,058 INFO 10689 [egg-security] use xssProtection middleware
2019-05-28 16:31:48,059 INFO 10689 [egg-security] use xframe middleware
2019-05-28 16:31:48,060 INFO 10689 [egg-security] use dta middleware
2019-05-28 16:31:48,060 INFO 10689 [egg-security] compose 7 middlewares into one security middleware
2019-05-28 16:31:48,071 INFO 10689 [egg:core] dump config after load, 6ms
2019-05-28 16:31:48,083 INFO 10689 [egg-watcher:application] watcher start success
2019-05-28 16:31:48,092 INFO 10689 [egg:core] dump config after ready, 6ms
2019-05-28 16:31:49,403 INFO 10697 [egg:logger] init all loggers with options: {"dir":"/Users/hjy/Desktop/开课吧/myself/node/code/基于Koa定制自己的企业级MVC框架--08/egg-example/logs/example","encoding":"utf8","env":"local","level":"INFO","consoleLevel":"INFO","disableConsoleAfterReady":false,"outputJSON":false,"buffer":true,"appLogName":"example-web.log","coreLogName":"egg-web.log","agentLogName":"egg-agent.log","errorLogName":"common-error.log","coreLogger":{"consoleLevel":"WARN"},"allowDebugAtProd":false,"type":"application"}
2019-05-28 16:31:49,432 INFO 10697 [egg-multipart] stream mode enable
2019-05-28 16:31:49,479 INFO 10697 [egg-static] starting static serve /public/ -> /Users/hjy/Desktop/开课吧/myself/node/code/基于Koa定制自己的企业级MVC框架--08/egg-example/app/public
2019-05-28 16:31:49,482 INFO 10697 [egg-security] use csrf middleware
2019-05-28 16:31:49,483 INFO 10697 [egg-security] use methodnoallow middleware
2019-05-28 16:31:49,483 INFO 10697 [egg-security] use noopen middleware
2019-05-28 16:31:49,484 INFO 10697 [egg-security] use nosniff middleware
2019-05-28 16:31:49,485 INFO 10697 [egg-security] use xssProtection middleware
2019-05-28 16:31:49,485 INFO 10697 [egg-security] use xframe middleware
2019-05-28 16:31:49,485 INFO 10697 [egg-security] use dta middleware
2019-05-28 16:31:49,485 INFO 10697 [egg-security] compose 7 middlewares into one security middleware
2019-05-28 16:31:49,497 INFO 10697 [egg:core] dump config after load, 7ms
2019-05-28 16:31:49,510 INFO 10697 [egg-watcher:application] watcher start success
2019-05-28 16:31:49,517 INFO 10697 [egg:core] dump config after ready, 5ms
2019-05-28 16:31:57,272 INFO 10707 [egg:logger] init all loggers with options: {"dir":"/Users/hjy/Desktop/开课吧/myself/node/code/基于Koa定制自己的企业级MVC框架--08/egg-example/logs/example","encoding":"utf8","env":"local","level":"INFO","consoleLevel":"INFO","disableConsoleAfterReady":false,"outputJSON":false,"buffer":true,"appLogName":"example-web.log","coreLogName":"egg-web.log","agentLogName":"egg-agent.log","errorLogName":"common-error.log","coreLogger":{"consoleLevel":"WARN"},"allowDebugAtProd":false,"type":"application"}
2019-05-28 16:31:57,309 INFO 10707 [egg-multipart] stream mode enable
2019-05-28 16:31:57,374 INFO 10707 [egg-static] starting static serve /public/ -> /Users/hjy/Desktop/开课吧/myself/node/code/基于Koa定制自己的企业级MVC框架--08/egg-example/app/public
2019-05-28 16:31:57,377 INFO 10707 [egg-security] use csrf middleware
2019-05-28 16:31:57,378 INFO 10707 [egg-security] use methodnoallow middleware
2019-05-28 16:31:57,378 INFO 10707 [egg-security] use noopen middleware
2019-05-28 16:31:57,379 INFO 10707 [egg-security] use nosniff middleware
2019-05-28 16:31:57,380 INFO 10707 [egg-security] use xssProtection middleware
2019-05-28 16:31:57,380 INFO 10707 [egg-security] use xframe middleware
2019-05-28 16:31:57,380 INFO 10707 [egg-security] use dta middleware
2019-05-28 16:31:57,380 INFO 10707 [egg-security] compose 7 middlewares into one security middleware
2019-05-28 16:31:57,392 INFO 10707 [egg:core] dump config after load, 8ms
2019-05-28 16:31:57,405 INFO 10707 [egg-watcher:application] watcher start success
2019-05-28 16:31:57,413 INFO 10707 [egg:core] dump config after ready, 6ms
2019-05-28 16:31:58,627 INFO 10715 [egg:logger] init all loggers with options: {"dir":"/Users/hjy/Desktop/开课吧/myself/node/code/基于Koa定制自己的企业级MVC框架--08/egg-example/logs/example","encoding":"utf8","env":"local","level":"INFO","consoleLevel":"INFO","disableConsoleAfterReady":false,"outputJSON":false,"buffer":true,"appLogName":"example-web.log","coreLogName":"egg-web.log","agentLogName":"egg-agent.log","errorLogName":"common-error.log","coreLogger":{"consoleLevel":"WARN"},"allowDebugAtProd":false,"type":"application"}
2019-05-28 16:31:58,662 INFO 10715 [egg-multipart] stream mode enable
2019-05-28 16:31:58,711 INFO 10715 [egg-static] starting static serve /public/ -> /Users/hjy/Desktop/开课吧/myself/node/code/基于Koa定制自己的企业级MVC框架--08/egg-example/app/public
2019-05-28 16:31:58,714 INFO 10715 [egg-security] use csrf middleware
2019-05-28 16:31:58,715 INFO 10715 [egg-security] use methodnoallow middleware
2019-05-28 16:31:58,715 INFO 10715 [egg-security] use noopen middleware
2019-05-28 16:31:58,716 INFO 10715 [egg-security] use nosniff middleware
2019-05-28 16:31:58,717 INFO 10715 [egg-security] use xssProtection middleware
2019-05-28 16:31:58,717 INFO 10715 [egg-security] use xframe middleware
2019-05-28 16:31:58,717 INFO 10715 [egg-security] use dta middleware
2019-05-28 16:31:58,717 INFO 10715 [egg-security] compose 7 middlewares into one security middleware
2019-05-28 16:31:58,728 INFO 10715 [egg:core] dump config after load, 6ms
2019-05-28 16:31:58,742 INFO 10715 [egg-watcher:application] watcher start success
2019-05-28 16:31:58,749 INFO 10715 [egg:core] dump config after ready, 5ms
2019-05-28 16:32:00,493 INFO 10716 [egg:logger] init all loggers with options: {"dir":"/Users/hjy/Desktop/开课吧/myself/node/code/基于Koa定制自己的企业级MVC框架--08/egg-example/logs/example","encoding":"utf8","env":"local","level":"INFO","consoleLevel":"INFO","disableConsoleAfterReady":false,"outputJSON":false,"buffer":true,"appLogName":"example-web.log","coreLogName":"egg-web.log","agentLogName":"egg-agent.log","errorLogName":"common-error.log","coreLogger":{"consoleLevel":"WARN"},"allowDebugAtProd":false,"type":"application"}
2019-05-28 16:32:00,525 INFO 10716 [egg-multipart] stream mode enable
2019-05-28 16:32:00,578 INFO 10716 [egg-static] starting static serve /public/ -> /Users/hjy/Desktop/开课吧/myself/node/code/基于Koa定制自己的企业级MVC框架--08/egg-example/app/public
2019-05-28 16:32:00,580 INFO 10716 [egg-security] use csrf middleware
2019-05-28 16:32:00,581 INFO 10716 [egg-security] use methodnoallow middleware
2019-05-28 16:32:00,582 INFO 10716 [egg-security] use noopen middleware
2019-05-28 16:32:00,583 INFO 10716 [egg-security] use nosniff middleware
2019-05-28 16:32:00,583 INFO 10716 [egg-security] use xssProtection middleware
2019-05-28 16:32:00,584 INFO 10716 [egg-security] use xframe middleware
2019-05-28 16:32:00,584 INFO 10716 [egg-security] use dta middleware
2019-05-28 16:32:00,584 INFO 10716 [egg-security] compose 7 middlewares into one security middleware
2019-05-28 16:32:00,595 INFO 10716 [egg:core] dump config after load, 6ms
2019-05-28 16:32:00,607 INFO 10716 [egg-watcher:application] watcher start success
2019-05-28 16:32:00,615 INFO 10716 [egg:core] dump config after ready, 5ms
2019-05-28 16:32:34,726 INFO 10732 [egg:logger] init all loggers with options: {"dir":"/Users/hjy/Desktop/开课吧/myself/node/code/基于Koa定制自己的企业级MVC框架--08/egg-example/logs/example","encoding":"utf8","env":"local","level":"INFO","consoleLevel":"INFO","disableConsoleAfterReady":false,"outputJSON":false,"buffer":true,"appLogName":"example-web.log","coreLogName":"egg-web.log","agentLogName":"egg-agent.log","errorLogName":"common-error.log","coreLogger":{"consoleLevel":"WARN"},"allowDebugAtProd":false,"type":"application"}
2019-05-28 16:32:34,766 INFO 10732 [egg-multipart] stream mode enable
2019-05-28 16:32:34,841 INFO 10732 [egg-static] starting static serve /public/ -> /Users/hjy/Desktop/开课吧/myself/node/code/基于Koa定制自己的企业级MVC框架--08/egg-example/app/public
2019-05-28 16:32:34,847 INFO 10732 [egg-security] use csrf middleware
2019-05-28 16:32:34,849 INFO 10732 [egg-security] use methodnoallow middleware
2019-05-28 16:32:34,850 INFO 10732 [egg-security] use noopen middleware
2019-05-28 16:32:34,851 INFO 10732 [egg-security] use nosniff middleware
2019-05-28 16:32:34,852 INFO 10732 [egg-security] use xssProtection middleware
2019-05-28 16:32:34,853 INFO 10732 [egg-security] use xframe middleware
2019-05-28 16:32:34,854 INFO 10732 [egg-security] use dta middleware
2019-05-28 16:32:34,854 INFO 10732 [egg-security] compose 7 middlewares into one security middleware
2019-05-28 16:32:34,875 INFO 10732 [egg:core] dump config after load, 12ms
2019-05-28 16:32:34,897 INFO 10732 [egg-watcher:application] watcher start success
2019-05-28 16:32:34,906 INFO 10732 [egg:core] dump config after ready, 5ms
2019-05-28 16:32:36,263 INFO 10733 [egg:logger] init all loggers with options: {"dir":"/Users/hjy/Desktop/开课吧/myself/node/code/基于Koa定制自己的企业级MVC框架--08/egg-example/logs/example","encoding":"utf8","env":"local","level":"INFO","consoleLevel":"INFO","disableConsoleAfterReady":false,"outputJSON":false,"buffer":true,"appLogName":"example-web.log","coreLogName":"egg-web.log","agentLogName":"egg-agent.log","errorLogName":"common-error.log","coreLogger":{"consoleLevel":"WARN"},"allowDebugAtProd":false,"type":"application"}
2019-05-28 16:32:36,292 INFO 10733 [egg-multipart] stream mode enable
2019-05-28 16:32:36,349 INFO 10733 [egg-static] starting static serve /public/ -> /Users/hjy/Desktop/开课吧/myself/node/code/基于Koa定制自己的企业级MVC框架--08/egg-example/app/public
2019-05-28 16:32:36,354 INFO 10733 [egg-security] use csrf middleware
2019-05-28 16:32:36,355 INFO 10733 [egg-security] use methodnoallow middleware
2019-05-28 16:32:36,356 INFO 10733 [egg-security] use noopen middleware
2019-05-28 16:32:36,359 INFO 10733 [egg-security] use nosniff middleware
2019-05-28 16:32:36,359 INFO 10733 [egg-security] use xssProtection middleware
2019-05-28 16:32:36,360 INFO 10733 [egg-security] use xframe middleware
2019-05-28 16:32:36,361 INFO 10733 [egg-security] use dta middleware
2019-05-28 16:32:36,361 INFO 10733 [egg-security] compose 7 middlewares into one security middleware
2019-05-28 16:32:36,375 INFO 10733 [egg:core] dump config after load, 10ms
2019-05-28 16:32:36,393 INFO 10733 [egg-watcher:application] watcher start success
2019-05-28 16:32:36,401 INFO 10733 [egg:core] dump config after ready, 5ms
2019-05-28 16:32:37,613 INFO 10742 [egg:logger] init all loggers with options: {"dir":"/Users/hjy/Desktop/开课吧/myself/node/code/基于Koa定制自己的企业级MVC框架--08/egg-example/logs/example","encoding":"utf8","env":"local","level":"INFO","consoleLevel":"INFO","disableConsoleAfterReady":false,"outputJSON":false,"buffer":true,"appLogName":"example-web.log","coreLogName":"egg-web.log","agentLogName":"egg-agent.log","errorLogName":"common-error.log","coreLogger":{"consoleLevel":"WARN"},"allowDebugAtProd":false,"type":"application"}
2019-05-28 16:32:37,649 INFO 10742 [egg-multipart] stream mode enable
2019-05-28 16:32:37,707 INFO 10742 [egg-static] starting static serve /public/ -> /Users/hjy/Desktop/开课吧/myself/node/code/基于Koa定制自己的企业级MVC框架--08/egg-example/app/public
2019-05-28 16:32:37,710 INFO 10742 [egg-security] use csrf middleware
2019-05-28 16:32:37,712 INFO 10742 [egg-security] use methodnoallow middleware
2019-05-28 16:32:37,712 INFO 10742 [egg-security] use noopen middleware
2019-05-28 16:32:37,713 INFO 10742 [egg-security] use nosniff middleware
2019-05-28 16:32:37,713 INFO 10742 [egg-security] use xssProtection middleware
2019-05-28 16:32:37,714 INFO 10742 [egg-security] use xframe middleware
2019-05-28 16:32:37,714 INFO 10742 [egg-security] use dta middleware
2019-05-28 16:32:37,714 INFO 10742 [egg-security] compose 7 middlewares into one security middleware
2019-05-28 16:32:37,726 INFO 10742 [egg:core] dump config after load, 7ms
2019-05-28 16:32:37,743 INFO 10742 [egg-watcher:application] watcher start success
2019-05-28 16:32:38,511 INFO 10743 [egg:logger] init all loggers with options: {"dir":"/Users/hjy/Desktop/开课吧/myself/node/code/基于Koa定制自己的企业级MVC框架--08/egg-example/logs/example","encoding":"utf8","env":"local","level":"INFO","consoleLevel":"INFO","disableConsoleAfterReady":false,"outputJSON":false,"buffer":true,"appLogName":"example-web.log","coreLogName":"egg-web.log","agentLogName":"egg-agent.log","errorLogName":"common-error.log","coreLogger":{"consoleLevel":"WARN"},"allowDebugAtProd":false,"type":"application"}
2019-05-28 16:32:38,539 INFO 10743 [egg-multipart] stream mode enable
2019-05-28 16:32:38,586 INFO 10743 [egg-static] starting static serve /public/ -> /Users/hjy/Desktop/开课吧/myself/node/code/基于Koa定制自己的企业级MVC框架--08/egg-example/app/public
2019-05-28 16:32:38,589 INFO 10743 [egg-security] use csrf middleware
2019-05-28 16:32:38,590 INFO 10743 [egg-security] use methodnoallow middleware
2019-05-28 16:32:38,590 INFO 10743 [egg-security] use noopen middleware
2019-05-28 16:32:38,591 INFO 10743 [egg-security] use nosniff middleware
2019-05-28 16:32:38,591 INFO 10743 [egg-security] use xssProtection middleware
2019-05-28 16:32:38,592 INFO 10743 [egg-security] use xframe middleware
2019-05-28 16:32:38,592 INFO 10743 [egg-security] use dta middleware
2019-05-28 16:32:38,592 INFO 10743 [egg-security] compose 7 middlewares into one security middleware
2019-05-28 16:32:38,602 INFO 10743 [egg:core] dump config after load, 6ms
2019-05-28 16:32:38,614 INFO 10743 [egg-watcher:application] watcher start success
2019-05-28 16:32:38,622 INFO 10743 [egg:core] dump config after ready, 5ms
2019-05-28 16:32:47,748 INFO 10757 [egg:logger] init all loggers with options: {"dir":"/Users/hjy/Desktop/开课吧/myself/node/code/基于Koa定制自己的企业级MVC框架--08/egg-example/logs/example","encoding":"utf8","env":"local","level":"INFO","consoleLevel":"INFO","disableConsoleAfterReady":false,"outputJSON":false,"buffer":true,"appLogName":"example-web.log","coreLogName":"egg-web.log","agentLogName":"egg-agent.log","errorLogName":"common-error.log","coreLogger":{"consoleLevel":"WARN"},"allowDebugAtProd":false,"type":"application"}
2019-05-28 16:32:47,777 INFO 10757 [egg-multipart] stream mode enable
2019-05-28 16:32:47,824 INFO 10757 [egg-static] starting static serve /public/ -> /Users/hjy/Desktop/开课吧/myself/node/code/基于Koa定制自己的企业级MVC框架--08/egg-example/app/public
2019-05-28 16:32:47,827 INFO 10757 [egg-security] use csrf middleware
2019-05-28 16:32:47,828 INFO 10757 [egg-security] use methodnoallow middleware
2019-05-28 16:32:47,828 INFO 10757 [egg-security] use noopen middleware
2019-05-28 16:32:47,829 INFO 10757 [egg-security] use nosniff middleware
2019-05-28 16:32:47,830 INFO 10757 [egg-security] use xssProtection middleware
2019-05-28 16:32:47,830 INFO 10757 [egg-security] use xframe middleware
2019-05-28 16:32:47,831 INFO 10757 [egg-security] use dta middleware
2019-05-28 16:32:47,831 INFO 10757 [egg-security] compose 7 middlewares into one security middleware
2019-05-28 16:32:47,840 INFO 10757 [egg:core] dump config after load, 6ms
2019-05-28 16:32:47,853 INFO 10757 [egg-watcher:application] watcher start success
2019-05-28 16:32:47,862 INFO 10757 [egg:core] dump config after ready, 5ms
2019-05-28 16:33:16,719 INFO 10776 [egg:logger] init all loggers with options: {"dir":"/Users/hjy/Desktop/开课吧/myself/node/code/基于Koa定制自己的企业级MVC框架--08/egg-example/logs/example","encoding":"utf8","env":"local","level":"INFO","consoleLevel":"INFO","disableConsoleAfterReady":false,"outputJSON":false,"buffer":true,"appLogName":"example-web.log","coreLogName":"egg-web.log","agentLogName":"egg-agent.log","errorLogName":"common-error.log","coreLogger":{"consoleLevel":"WARN"},"allowDebugAtProd":false,"type":"application"}
2019-05-28 16:33:16,765 INFO 10776 [egg-multipart] stream mode enable
2019-05-28 16:33:16,949 INFO 10776 [egg-static] starting static serve /public/ -> /Users/hjy/Desktop/开课吧/myself/node/code/基于Koa定制自己的企业级MVC框架--08/egg-example/app/public
2019-05-28 16:33:16,954 INFO 10776 [egg-security] use csrf middleware
2019-05-28 16:33:16,957 INFO 10776 [egg-security] use methodnoallow middleware
2019-05-28 16:33:16,959 INFO 10776 [egg-security] use noopen middleware
2019-05-28 16:33:16,962 INFO 10776 [egg-security] use nosniff middleware
2019-05-28 16:33:16,964 INFO 10776 [egg-security] use xssProtection middleware
2019-05-28 16:33:16,966 INFO 10776 [egg-security] use xframe middleware
2019-05-28 16:33:16,968 INFO 10776 [egg-security] use dta middleware
2019-05-28 16:33:16,968 INFO 10776 [egg-security] compose 7 middlewares into one security middleware
2019-05-28 16:33:16,982 INFO 10776 [egg:core] dump config after load, 7ms
2019-05-28 16:33:16,994 INFO 10776 [egg-watcher:application] watcher start success
2019-05-28 16:33:17,002 INFO 10776 [egg:core] dump config after ready, 5ms
2019-05-28 16:33:18,872 INFO 10784 [egg:logger] init all loggers with options: {"dir":"/Users/hjy/Desktop/开课吧/myself/node/code/基于Koa定制自己的企业级MVC框架--08/egg-example/logs/example","encoding":"utf8","env":"local","level":"INFO","consoleLevel":"INFO","disableConsoleAfterReady":false,"outputJSON":false,"buffer":true,"appLogName":"example-web.log","coreLogName":"egg-web.log","agentLogName":"egg-agent.log","errorLogName":"common-error.log","coreLogger":{"consoleLevel":"WARN"},"allowDebugAtProd":false,"type":"application"}
2019-05-28 16:33:18,903 INFO 10784 [egg-multipart] stream mode enable
2019-05-28 16:33:18,968 INFO 10784 [egg-static] starting static serve /public/ -> /Users/hjy/Desktop/开课吧/myself/node/code/基于Koa定制自己的企业级MVC框架--08/egg-example/app/public
2019-05-28 16:33:18,973 INFO 10784 [egg-security] use csrf middleware
2019-05-28 16:33:18,974 INFO 10784 [egg-security] use methodnoallow middleware
2019-05-28 16:33:18,974 INFO 10784 [egg-security] use noopen middleware
2019-05-28 16:33:18,975 INFO 10784 [egg-security] use nosniff middleware
2019-05-28 16:33:18,975 INFO 10784 [egg-security] use xssProtection middleware
2019-05-28 16:33:18,976 INFO 10784 [egg-security] use xframe middleware
2019-05-28 16:33:18,976 INFO 10784 [egg-security] use dta middleware
2019-05-28 16:33:18,976 INFO 10784 [egg-security] compose 7 middlewares into one security middleware
2019-05-28 16:33:18,992 INFO 10784 [egg:core] dump config after load, 6ms
2019-05-28 16:33:19,023 INFO 10784 [egg-watcher:application] watcher start success
2019-05-28 16:33:19,037 INFO 10784 [egg:core] dump config after ready, 11ms
2019-05-28 16:33:37,392 INFO 10796 [egg:logger] init all loggers with options: {"dir":"/Users/hjy/Desktop/开课吧/myself/node/code/基于Koa定制自己的企业级MVC框架--08/egg-example/logs/example","encoding":"utf8","env":"local","level":"INFO","consoleLevel":"INFO","disableConsoleAfterReady":false,"outputJSON":false,"buffer":true,"appLogName":"example-web.log","coreLogName":"egg-web.log","agentLogName":"egg-agent.log","errorLogName":"common-error.log","coreLogger":{"consoleLevel":"WARN"},"allowDebugAtProd":false,"type":"application"}
2019-05-28 16:33:37,456 INFO 10796 [egg-multipart] stream mode enable
2019-05-28 16:33:37,684 INFO 10796 [egg-static] starting static serve /public/ -> /Users/hjy/Desktop/开课吧/myself/node/code/基于Koa定制自己的企业级MVC框架--08/egg-example/app/public
2019-05-28 16:33:37,691 INFO 10796 [egg-security] use csrf middleware
2019-05-28 16:33:37,693 INFO 10796 [egg-security] use methodnoallow middleware
2019-05-28 16:33:37,695 INFO 10796 [egg-security] use noopen middleware
2019-05-28 16:33:37,699 INFO 10796 [egg-security] use nosniff middleware
2019-05-28 16:33:37,701 INFO 10796 [egg-security] use xssProtection middleware
2019-05-28 16:33:37,704 INFO 10796 [egg-security] use xframe middleware
2019-05-28 16:33:37,706 INFO 10796 [egg-security] use dta middleware
2019-05-28 16:33:37,706 INFO 10796 [egg-security] compose 7 middlewares into one security middleware
2019-05-28 16:33:37,726 INFO 10796 [egg:core] dump config after load, 10ms
2019-05-28 16:33:37,743 INFO 10796 [egg-watcher:application] watcher start success
2019-05-28 16:33:37,756 INFO 10796 [egg:core] dump config after ready, 9ms
2019-05-28 16:33:52,966 INFO 10806 [egg:logger] init all loggers with options: {"dir":"/Users/hjy/Desktop/开课吧/myself/node/code/基于Koa定制自己的企业级MVC框架--08/egg-example/logs/example","encoding":"utf8","env":"local","level":"INFO","consoleLevel":"INFO","disableConsoleAfterReady":false,"outputJSON":false,"buffer":true,"appLogName":"example-web.log","coreLogName":"egg-web.log","agentLogName":"egg-agent.log","errorLogName":"common-error.log","coreLogger":{"consoleLevel":"WARN"},"allowDebugAtProd":false,"type":"application"}
2019-05-28 16:33:53,017 INFO 10806 [egg-multipart] stream mode enable
2019-05-28 16:33:53,200 INFO 10806 [egg-static] starting static serve /public/ -> /Users/hjy/Desktop/开课吧/myself/node/code/基于Koa定制自己的企业级MVC框架--08/egg-example/app/public
2019-05-28 16:33:53,204 INFO 10806 [egg-security] use csrf middleware
2019-05-28 16:33:53,207 INFO 10806 [egg-security] use methodnoallow middleware
2019-05-28 16:33:53,209 INFO 10806 [egg-security] use noopen middleware
2019-05-28 16:33:53,212 INFO 10806 [egg-security] use nosniff middleware
2019-05-28 16:33:53,214 INFO 10806 [egg-security] use xssProtection middleware
2019-05-28 16:33:53,215 INFO 10806 [egg-security] use xframe middleware
2019-05-28 16:33:53,217 INFO 10806 [egg-security] use dta middleware
2019-05-28 16:33:53,217 INFO 10806 [egg-security] compose 7 middlewares into one security middleware
2019-05-28 16:33:53,230 INFO 10806 [egg:core] dump config after load, 6ms
2019-05-28 16:33:53,242 INFO 10806 [egg-watcher:application] watcher start success
2019-05-28 16:33:53,249 INFO 10806 [egg:core] dump config after ready, 5ms
2019-05-28 16:34:21,257 INFO 10830 [egg:logger] init all loggers with options: {"dir":"/Users/hjy/Desktop/开课吧/myself/node/code/基于Koa定制自己的企业级MVC框架--08/egg-example/logs/example","encoding":"utf8","env":"local","level":"INFO","consoleLevel":"INFO","disableConsoleAfterReady":false,"outputJSON":false,"buffer":true,"appLogName":"example-web.log","coreLogName":"egg-web.log","agentLogName":"egg-agent.log","errorLogName":"common-error.log","coreLogger":{"consoleLevel":"WARN"},"allowDebugAtProd":false,"type":"application"}
2019-05-28 16:34:21,305 INFO 10830 [egg-multipart] stream mode enable
2019-05-28 16:34:21,499 INFO 10830 [egg-static] starting static serve /public/ -> /Users/hjy/Desktop/开课吧/myself/node/code/基于Koa定制自己的企业级MVC框架--08/egg-example/app/public
2019-05-28 16:34:21,504 INFO 10830 [egg-security] use csrf middleware
2019-05-28 16:34:21,506 INFO 10830 [egg-security] use methodnoallow middleware
2019-05-28 16:34:21,508 INFO 10830 [egg-security] use noopen middleware
2019-05-28 16:34:21,511 INFO 10830 [egg-security] use nosniff middleware
2019-05-28 16:34:21,513 INFO 10830 [egg-security] use xssProtection middleware
2019-05-28 16:34:21,515 INFO 10830 [egg-security] use xframe middleware
2019-05-28 16:34:21,517 INFO 10830 [egg-security] use dta middleware
2019-05-28 16:34:21,517 INFO 10830 [egg-security] compose 7 middlewares into one security middleware
2019-05-28 16:34:21,531 INFO 10830 [egg:core] dump config after load, 7ms
2019-05-28 16:34:21,544 INFO 10830 [egg-watcher:application] watcher start success
2019-05-28 16:34:21,552 INFO 10830 [egg:core] dump config after ready, 5ms
2019-05-28 16:34:56,831 INFO 10881 [egg:logger] init all loggers with options: {"dir":"/Users/hjy/Desktop/开课吧/myself/node/code/基于Koa定制自己的企业级MVC框架--08/egg-example/logs/example","encoding":"utf8","env":"local","level":"INFO","consoleLevel":"INFO","disableConsoleAfterReady":false,"outputJSON":false,"buffer":true,"appLogName":"example-web.log","coreLogName":"egg-web.log","agentLogName":"egg-agent.log","errorLogName":"common-error.log","coreLogger":{"consoleLevel":"WARN"},"allowDebugAtProd":false,"type":"application"}
2019-05-28 16:34:56,869 INFO 10881 [egg-multipart] stream mode enable
2019-05-28 16:34:57,045 INFO 10881 [egg-static] starting static serve /public/ -> /Users/hjy/Desktop/开课吧/myself/node/code/基于Koa定制自己的企业级MVC框架--08/egg-example/app/public
2019-05-28 16:34:57,050 INFO 10881 [egg-security] use csrf middleware
2019-05-28 16:34:57,054 INFO 10881 [egg-security] use methodnoallow middleware
2019-05-28 16:34:57,055 INFO 10881 [egg-security] use noopen middleware
2019-05-28 16:34:57,058 INFO 10881 [egg-security] use nosniff middleware
2019-05-28 16:34:57,060 INFO 10881 [egg-security] use xssProtection middleware
2019-05-28 16:34:57,062 INFO 10881 [egg-security] use xframe middleware
2019-05-28 16:34:57,064 INFO 10881 [egg-security] use dta middleware
2019-05-28 16:34:57,064 INFO 10881 [egg-security] compose 7 middlewares into one security middleware
2019-05-28 16:34:57,079 INFO 10881 [egg:core] dump config after load, 7ms
2019-05-28 16:34:57,095 INFO 10881 [egg-watcher:application] watcher start success
2019-05-28 16:34:57,102 INFO 10881 [egg:core] dump config after ready, 5ms
2019-05-28 16:38:12,496 INFO 10922 [egg:logger] init all loggers with options: {"dir":"/Users/hjy/Desktop/开课吧/myself/node/code/基于Koa定制自己的企业级MVC框架--08/egg-example/logs/example","encoding":"utf8","env":"local","level":"INFO","consoleLevel":"INFO","disableConsoleAfterReady":false,"outputJSON":false,"buffer":true,"appLogName":"example-web.log","coreLogName":"egg-web.log","agentLogName":"egg-agent.log","errorLogName":"common-error.log","coreLogger":{"consoleLevel":"WARN"},"allowDebugAtProd":false,"type":"application"}
2019-05-28 16:38:12,541 INFO 10922 [egg-multipart] stream mode enable
2019-05-28 16:38:12,717 INFO 10922 [egg-static] starting static serve /public/ -> /Users/hjy/Desktop/开课吧/myself/node/code/基于Koa定制自己的企业级MVC框架--08/egg-example/app/public
2019-05-28 16:38:12,721 INFO 10922 [egg-security] use csrf middleware
2019-05-28 16:38:12,724 INFO 10922 [egg-security] use methodnoallow middleware
2019-05-28 16:38:12,726 INFO 10922 [egg-security] use noopen middleware
2019-05-28 16:38:12,729 INFO 10922 [egg-security] use nosniff middleware
2019-05-28 16:38:12,730 INFO 10922 [egg-security] use xssProtection middleware
2019-05-28 16:38:12,733 INFO 10922 [egg-security] use xframe middleware
2019-05-28 16:38:12,734 INFO 10922 [egg-security] use dta middleware
2019-05-28 16:38:12,735 INFO 10922 [egg-security] compose 7 middlewares into one security middleware
2019-05-28 16:38:12,748 INFO 10922 [egg:core] dump config after load, 6ms
2019-05-28 16:38:12,762 INFO 10922 [egg-watcher:application] watcher start success
2019-05-28 16:38:12,770 INFO 10922 [egg:core] dump config after ready, 4ms
2019-05-28 16:38:44,618 INFO 10945 [egg:logger] init all loggers with options: {"dir":"/Users/hjy/Desktop/开课吧/myself/node/code/基于Koa定制自己的企业级MVC框架--08/egg-example/logs/example","encoding":"utf8","env":"local","level":"INFO","consoleLevel":"INFO","disableConsoleAfterReady":false,"outputJSON":false,"buffer":true,"appLogName":"example-web.log","coreLogName":"egg-web.log","agentLogName":"egg-agent.log","errorLogName":"common-error.log","coreLogger":{"consoleLevel":"WARN"},"allowDebugAtProd":false,"type":"application"}
2019-05-28 16:38:44,672 INFO 10945 [egg-multipart] stream mode enable
2019-05-28 16:38:44,854 INFO 10945 [egg-static] starting static serve /public/ -> /Users/hjy/Desktop/开课吧/myself/node/code/基于Koa定制自己的企业级MVC框架--08/egg-example/app/public
2019-05-28 16:38:44,860 INFO 10945 [egg-security] use csrf middleware
2019-05-28 16:38:44,863 INFO 10945 [egg-security] use methodnoallow middleware
2019-05-28 16:38:44,864 INFO 10945 [egg-security] use noopen middleware
2019-05-28 16:38:44,867 INFO 10945 [egg-security] use nosniff middleware
2019-05-28 16:38:44,869 INFO 10945 [egg-security] use xssProtection middleware
2019-05-28 16:38:44,871 INFO 10945 [egg-security] use xframe middleware
2019-05-28 16:38:44,873 INFO 10945 [egg-security] use dta middleware
2019-05-28 16:38:44,873 INFO 10945 [egg-security] compose 7 middlewares into one security middleware
2019-05-28 16:38:44,887 INFO 10945 [egg:core] dump config after load, 6ms
2019-05-28 16:38:44,901 INFO 10945 [egg-watcher:application] watcher start success
2019-05-28 16:38:44,909 INFO 10945 [egg:core] dump config after ready, 5ms
2019-05-28 16:38:46,069 INFO 10953 [egg:logger] init all loggers with options: {"dir":"/Users/hjy/Desktop/开课吧/myself/node/code/基于Koa定制自己的企业级MVC框架--08/egg-example/logs/example","encoding":"utf8","env":"local","level":"INFO","consoleLevel":"INFO","disableConsoleAfterReady":false,"outputJSON":false,"buffer":true,"appLogName":"example-web.log","coreLogName":"egg-web.log","agentLogName":"egg-agent.log","errorLogName":"common-error.log","coreLogger":{"consoleLevel":"WARN"},"allowDebugAtProd":false,"type":"application"}
2019-05-28 16:38:46,099 INFO 10953 [egg-multipart] stream mode enable
2019-05-28 16:38:46,145 INFO 10953 [egg-static] starting static serve /public/ -> /Users/hjy/Desktop/开课吧/myself/node/code/基于Koa定制自己的企业级MVC框架--08/egg-example/app/public
2019-05-28 16:38:46,149 INFO 10953 [egg-security] use csrf middleware
2019-05-28 16:38:46,150 INFO 10953 [egg-security] use methodnoallow middleware
2019-05-28 16:38:46,150 INFO 10953 [egg-security] use noopen middleware
2019-05-28 16:38:46,151 INFO 10953 [egg-security] use nosniff middleware
2019-05-28 16:38:46,151 INFO 10953 [egg-security] use xssProtection middleware
2019-05-28 16:38:46,152 INFO 10953 [egg-security] use xframe middleware
2019-05-28 16:38:46,152 INFO 10953 [egg-security] use dta middleware
2019-05-28 16:38:46,152 INFO 10953 [egg-security] compose 7 middlewares into one security middleware
2019-05-28 16:38:46,163 INFO 10953 [egg:core] dump config after load, 6ms
2019-05-28 16:38:46,176 INFO 10953 [egg-watcher:application] watcher start success
2019-05-28 16:38:46,186 INFO 10953 [egg:core] dump config after ready, 8ms
2019-05-28 16:39:51,403 INFO 10985 [egg:logger] init all loggers with options: {"dir":"/Users/hjy/Desktop/开课吧/myself/node/code/基于Koa定制自己的企业级MVC框架--08/egg-example/logs/example","encoding":"utf8","env":"local","level":"INFO","consoleLevel":"INFO","disableConsoleAfterReady":false,"outputJSON":false,"buffer":true,"appLogName":"example-web.log","coreLogName":"egg-web.log","agentLogName":"egg-agent.log","errorLogName":"common-error.log","coreLogger":{"consoleLevel":"WARN"},"allowDebugAtProd":false,"type":"application"}
2019-05-28 16:39:51,448 INFO 10985 [egg-multipart] stream mode enable
2019-05-28 16:39:51,610 INFO 10985 [egg-static] starting static serve /public/ -> /Users/hjy/Desktop/开课吧/myself/node/code/基于Koa定制自己的企业级MVC框架--08/egg-example/app/public
2019-05-28 16:39:51,616 INFO 10985 [egg-security] use csrf middleware
2019-05-28 16:39:51,619 INFO 10985 [egg-security] use methodnoallow middleware
2019-05-28 16:39:51,622 INFO 10985 [egg-security] use noopen middleware
2019-05-28 16:39:51,625 INFO 10985 [egg-security] use nosniff middleware
2019-05-28 16:39:51,627 INFO 10985 [egg-security] use xssProtection middleware
2019-05-28 16:39:51,630 INFO 10985 [egg-security] use xframe middleware
2019-05-28 16:39:51,632 INFO 10985 [egg-security] use dta middleware
2019-05-28 16:39:51,632 INFO 10985 [egg-security] compose 7 middlewares into one security middleware
2019-05-28 16:39:51,649 INFO 10985 [egg:core] dump config after load, 8ms
2019-05-28 16:39:51,662 INFO 10985 [egg-watcher:application] watcher start success
2019-05-28 16:39:51,669 INFO 10985 [egg:core] dump config after ready, 5ms
2019-05-28 16:46:08,667 INFO 11171 [egg:logger] init all loggers with options: {"dir":"/Users/hjy/Desktop/开课吧/myself/node/code/基于Koa定制自己的企业级MVC框架--08/egg-example/logs/example","encoding":"utf8","env":"local","level":"INFO","consoleLevel":"INFO","disableConsoleAfterReady":false,"outputJSON":false,"buffer":true,"appLogName":"example-web.log","coreLogName":"egg-web.log","agentLogName":"egg-agent.log","errorLogName":"common-error.log","coreLogger":{"consoleLevel":"WARN"},"allowDebugAtProd":false,"type":"application"}
2019-05-28 16:46:08,714 INFO 11171 [egg-multipart] stream mode enable
2019-05-28 16:46:09,695 INFO 11171 [egg-static] starting static serve /public/ -> /Users/hjy/Desktop/开课吧/myself/node/code/基于Koa定制自己的企业级MVC框架--08/egg-example/app/public
2019-05-28 16:46:09,701 INFO 11171 [egg-security] use csrf middleware
2019-05-28 16:46:09,703 INFO 11171 [egg-security] use methodnoallow middleware
2019-05-28 16:46:09,704 INFO 11171 [egg-security] use noopen middleware
2019-05-28 16:46:09,707 INFO 11171 [egg-security] use nosniff middleware
2019-05-28 16:46:09,710 INFO 11171 [egg-security] use xssProtection middleware
2019-05-28 16:46:09,713 INFO 11171 [egg-security] use xframe middleware
2019-05-28 16:46:09,716 INFO 11171 [egg-security] use dta middleware
2019-05-28 16:46:09,716 INFO 11171 [egg-security] compose 7 middlewares into one security middleware
2019-05-28 16:46:09,736 INFO 11171 [egg:core] dump config after load, 11ms
2019-05-28 16:46:09,819 INFO 11171 [egg-watcher:application] watcher start success
2019-05-28 16:46:09,882 INFO 11171 [egg:core] dump config after ready, 7ms
2019-05-28 16:46:11,931 INFO 11181 [egg:logger] init all loggers with options: {"dir":"/Users/hjy/Desktop/开课吧/myself/node/code/基于Koa定制自己的企业级MVC框架--08/egg-example/logs/example","encoding":"utf8","env":"local","level":"INFO","consoleLevel":"INFO","disableConsoleAfterReady":false,"outputJSON":false,"buffer":true,"appLogName":"example-web.log","coreLogName":"egg-web.log","agentLogName":"egg-agent.log","errorLogName":"common-error.log","coreLogger":{"consoleLevel":"WARN"},"allowDebugAtProd":false,"type":"application"}
2019-05-28 16:46:11,971 INFO 11181 [egg-multipart] stream mode enable
2019-05-28 16:46:12,523 INFO 11181 [egg-static] starting static serve /public/ -> /Users/hjy/Desktop/开课吧/myself/node/code/基于Koa定制自己的企业级MVC框架--08/egg-example/app/public
2019-05-28 16:46:12,528 INFO 11181 [egg-security] use csrf middleware
2019-05-28 16:46:12,530 INFO 11181 [egg-security] use methodnoallow middleware
2019-05-28 16:46:12,531 INFO 11181 [egg-security] use noopen middleware
2019-05-28 16:46:12,532 INFO 11181 [egg-security] use nosniff middleware
2019-05-28 16:46:12,532 INFO 11181 [egg-security] use xssProtection middleware
2019-05-28 16:46:12,533 INFO 11181 [egg-security] use xframe middleware
2019-05-28 16:46:12,534 INFO 11181 [egg-security] use dta middleware
2019-05-28 16:46:12,534 INFO 11181 [egg-security] compose 7 middlewares into one security middleware
2019-05-28 16:46:12,549 INFO 11181 [egg:core] dump config after load, 8ms
2019-05-28 16:46:12,613 INFO 11181 [egg-watcher:application] watcher start success
2019-05-28 16:46:12,646 INFO 11181 [egg:core] dump config after ready, 7ms
2019-05-28 16:47:47,825 INFO 11209 [egg:logger] init all loggers with options: {"dir":"/Users/hjy/Desktop/开课吧/myself/node/code/基于Koa定制自己的企业级MVC框架--08/egg-example/logs/example","encoding":"utf8","env":"local","level":"INFO","consoleLevel":"INFO","disableConsoleAfterReady":false,"outputJSON":false,"buffer":true,"appLogName":"example-web.log","coreLogName":"egg-web.log","agentLogName":"egg-agent.log","errorLogName":"common-error.log","coreLogger":{"consoleLevel":"WARN"},"allowDebugAtProd":false,"type":"application"}
2019-05-28 16:47:47,864 INFO 11209 [egg-multipart] stream mode enable
2019-05-28 16:47:48,256 INFO 11209 [egg-static] starting static serve /public/ -> /Users/hjy/Desktop/开课吧/myself/node/code/基于Koa定制自己的企业级MVC框架--08/egg-example/app/public
2019-05-28 16:47:48,258 INFO 11209 [egg-security] use csrf middleware
2019-05-28 16:47:48,259 INFO 11209 [egg-security] use methodnoallow middleware
2019-05-28 16:47:48,260 INFO 11209 [egg-security] use noopen middleware
2019-05-28 16:47:48,261 INFO 11209 [egg-security] use nosniff middleware
2019-05-28 16:47:48,261 INFO 11209 [egg-security] use xssProtection middleware
2019-05-28 16:47:48,261 INFO 11209 [egg-security] use xframe middleware
2019-05-28 16:47:48,262 INFO 11209 [egg-security] use dta middleware
2019-05-28 16:47:48,262 INFO 11209 [egg-security] compose 7 middlewares into one security middleware
2019-05-28 16:47:48,272 INFO 11209 [egg:core] dump config after load, 6ms
2019-05-28 16:47:48,333 INFO 11209 [egg-watcher:application] watcher start success
2019-05-28 16:47:48,362 INFO 11209 [egg:core] dump config after ready, 6ms
2019-05-28 16:49:30,514 INFO 11253 [egg:logger] init all loggers with options: {"dir":"/Users/hjy/Desktop/开课吧/myself/node/code/基于Koa定制自己的企业级MVC框架--08/egg-example/logs/example","encoding":"utf8","env":"local","level":"INFO","consoleLevel":"INFO","disableConsoleAfterReady":false,"outputJSON":false,"buffer":true,"appLogName":"example-web.log","coreLogName":"egg-web.log","agentLogName":"egg-agent.log","errorLogName":"common-error.log","coreLogger":{"consoleLevel":"WARN"},"allowDebugAtProd":false,"type":"application"}
2019-05-28 16:49:30,565 INFO 11253 [egg-multipart] stream mode enable
2019-05-28 16:49:31,008 INFO 11253 [egg-static] starting static serve /public/ -> /Users/hjy/Desktop/开课吧/myself/node/code/基于Koa定制自己的企业级MVC框架--08/egg-example/app/public
2019-05-28 16:49:31,012 INFO 11253 [egg-security] use csrf middleware
2019-05-28 16:49:31,013 INFO 11253 [egg-security] use methodnoallow middleware
2019-05-28 16:49:31,014 INFO 11253 [egg-security] use noopen middleware
2019-05-28 16:49:31,015 INFO 11253 [egg-security] use nosniff middleware
2019-05-28 16:49:31,015 INFO 11253 [egg-security] use xssProtection middleware
2019-05-28 16:49:31,016 INFO 11253 [egg-security] use xframe middleware
2019-05-28 16:49:31,016 INFO 11253 [egg-security] use dta middleware
2019-05-28 16:49:31,016 INFO 11253 [egg-security] compose 7 middlewares into one security middleware
2019-05-28 16:49:31,029 INFO 11253 [egg:core] dump config after load, 8ms
2019-05-28 16:49:31,103 INFO 11253 [egg-watcher:application] watcher start success
2019-05-28 16:49:31,154 INFO 11253 [egg:core] dump config after ready, 16ms
2019-05-28 16:49:42,801 INFO 11272 [egg:logger] init all loggers with options: {"dir":"/Users/hjy/Desktop/开课吧/myself/node/code/基于Koa定制自己的企业级MVC框架--08/egg-example/logs/example","encoding":"utf8","env":"local","level":"INFO","consoleLevel":"INFO","disableConsoleAfterReady":false,"outputJSON":false,"buffer":true,"appLogName":"example-web.log","coreLogName":"egg-web.log","agentLogName":"egg-agent.log","errorLogName":"common-error.log","coreLogger":{"consoleLevel":"WARN"},"allowDebugAtProd":false,"type":"application"}
2019-05-28 16:49:42,838 INFO 11272 [egg-multipart] stream mode enable
2019-05-28 16:49:43,157 INFO 11272 [egg-static] starting static serve /public/ -> /Users/hjy/Desktop/开课吧/myself/node/code/基于Koa定制自己的企业级MVC框架--08/egg-example/app/public
2019-05-28 16:49:43,160 INFO 11272 [egg-security] use csrf middleware
2019-05-28 16:49:43,161 INFO 11272 [egg-security] use methodnoallow middleware
2019-05-28 16:49:43,162 INFO 11272 [egg-security] use noopen middleware
2019-05-28 16:49:43,164 INFO 11272 [egg-security] use nosniff middleware
2019-05-28 16:49:43,164 INFO 11272 [egg-security] use xssProtection middleware
2019-05-28 16:49:43,165 INFO 11272 [egg-security] use xframe middleware
2019-05-28 16:49:43,165 INFO 11272 [egg-security] use dta middleware
2019-05-28 16:49:43,165 INFO 11272 [egg-security] compose 7 middlewares into one security middleware
2019-05-28 16:49:43,176 INFO 11272 [egg:core] dump config after load, 7ms
2019-05-28 16:49:43,237 INFO 11272 [egg-watcher:application] watcher start success
2019-05-28 16:49:43,277 INFO 11272 [egg:core] dump config after ready, 7ms
2019-05-28 17:06:54,142 INFO 11787 [egg:logger] init all loggers with options: {"dir":"/Users/hjy/Desktop/开课吧/myself/node/code/基于Koa定制自己的企业级MVC框架--08/egg-example/logs/example","encoding":"utf8","env":"local","level":"INFO","consoleLevel":"INFO","disableConsoleAfterReady":false,"outputJSON":false,"buffer":true,"appLogName":"example-web.log","coreLogName":"egg-web.log","agentLogName":"egg-agent.log","errorLogName":"common-error.log","coreLogger":{"consoleLevel":"WARN"},"allowDebugAtProd":false,"type":"application"}
2019-05-28 17:06:54,173 INFO 11787 [egg-multipart] stream mode enable
2019-05-28 17:06:54,635 INFO 11787 [egg-static] starting static serve /public/ -> /Users/hjy/Desktop/开课吧/myself/node/code/基于Koa定制自己的企业级MVC框架--08/egg-example/app/public
2019-05-28 17:06:54,640 INFO 11787 [egg-security] use csrf middleware
2019-05-28 17:06:54,643 INFO 11787 [egg-security] use methodnoallow middleware
2019-05-28 17:06:54,645 INFO 11787 [egg-security] use noopen middleware
2019-05-28 17:06:54,647 INFO 11787 [egg-security] use nosniff middleware
2019-05-28 17:06:54,649 INFO 11787 [egg-security] use xssProtection middleware
2019-05-28 17:06:54,651 INFO 11787 [egg-security] use xframe middleware
2019-05-28 17:06:54,653 INFO 11787 [egg-security] use dta middleware
2019-05-28 17:06:54,653 INFO 11787 [egg-security] compose 7 middlewares into one security middleware
2019-05-28 17:06:54,668 INFO 11787 [egg:core] dump config after load, 7ms
2019-05-28 17:06:54,744 INFO 11787 [egg-watcher:application] watcher start success
2019-05-28 17:06:54,788 INFO 11787 [egg:core] dump config after ready, 8ms
2019-05-28 17:08:30,136 INFO 11819 [egg:logger] init all loggers with options: {"dir":"/Users/hjy/Desktop/开课吧/myself/node/code/基于Koa定制自己的企业级MVC框架--08/egg-example/logs/example","encoding":"utf8","env":"local","level":"INFO","consoleLevel":"INFO","disableConsoleAfterReady":false,"outputJSON":false,"buffer":true,"appLogName":"example-web.log","coreLogName":"egg-web.log","agentLogName":"egg-agent.log","errorLogName":"common-error.log","coreLogger":{"consoleLevel":"WARN"},"allowDebugAtProd":false,"type":"application"}
2019-05-28 17:08:30,185 INFO 11819 [egg-multipart] stream mode enable
2019-05-28 17:08:31,161 INFO 11819 [egg-static] starting static serve /public/ -> /Users/hjy/Desktop/开课吧/myself/node/code/基于Koa定制自己的企业级MVC框架--08/egg-example/app/public
2019-05-28 17:08:31,167 INFO 11819 [egg-security] use csrf middleware
2019-05-28 17:08:31,170 INFO 11819 [egg-security] use methodnoallow middleware
2019-05-28 17:08:31,172 INFO 11819 [egg-security] use noopen middleware
2019-05-28 17:08:31,175 INFO 11819 [egg-security] use nosniff middleware
2019-05-28 17:08:31,177 INFO 11819 [egg-security] use xssProtection middleware
2019-05-28 17:08:31,179 INFO 11819 [egg-security] use xframe middleware
2019-05-28 17:08:31,181 INFO 11819 [egg-security] use dta middleware
2019-05-28 17:08:31,181 INFO 11819 [egg-security] compose 7 middlewares into one security middleware
2019-05-28 17:08:31,196 INFO 11819 [egg:core] dump config after load, 8ms
2019-05-28 17:08:31,271 INFO 11819 [egg-watcher:application] watcher start success
2019-05-28 17:08:31,404 INFO 11819 [egg:core] dump config after ready, 19ms
2019-05-28 17:08:38,952 INFO 11837 [egg:logger] init all loggers with options: {"dir":"/Users/hjy/Desktop/开课吧/myself/node/code/基于Koa定制自己的企业级MVC框架--08/egg-example/logs/example","encoding":"utf8","env":"local","level":"INFO","consoleLevel":"INFO","disableConsoleAfterReady":false,"outputJSON":false,"buffer":true,"appLogName":"example-web.log","coreLogName":"egg-web.log","agentLogName":"egg-agent.log","errorLogName":"common-error.log","coreLogger":{"consoleLevel":"WARN"},"allowDebugAtProd":false,"type":"application"}
2019-05-28 17:08:38,983 INFO 11837 [egg-multipart] stream mode enable
2019-05-28 17:08:39,309 INFO 11837 [egg-static] starting static serve /public/ -> /Users/hjy/Desktop/开课吧/myself/node/code/基于Koa定制自己的企业级MVC框架--08/egg-example/app/public
2019-05-28 17:08:39,313 INFO 11837 [egg-security] use csrf middleware
2019-05-28 17:08:39,314 INFO 11837 [egg-security] use methodnoallow middleware
2019-05-28 17:08:39,315 INFO 11837 [egg-security] use noopen middleware
2019-05-28 17:08:39,315 INFO 11837 [egg-security] use nosniff middleware
2019-05-28 17:08:39,316 INFO 11837 [egg-security] use xssProtection middleware
2019-05-28 17:08:39,316 INFO 11837 [egg-security] use xframe middleware
2019-05-28 17:08:39,317 INFO 11837 [egg-security] use dta middleware
2019-05-28 17:08:39,317 INFO 11837 [egg-security] compose 7 middlewares into one security middleware
2019-05-28 17:08:39,327 INFO 11837 [egg:core] dump config after load, 6ms
2019-05-28 17:08:39,382 INFO 11837 [egg-watcher:application] watcher start success
2019-05-28 17:08:39,437 INFO 11837 [egg:core] dump config after ready, 7ms
2019-05-28 17:08:43,692 INFO 11846 [egg:logger] init all loggers with options: {"dir":"/Users/hjy/Desktop/开课吧/myself/node/code/基于Koa定制自己的企业级MVC框架--08/egg-example/logs/example","encoding":"utf8","env":"local","level":"INFO","consoleLevel":"INFO","disableConsoleAfterReady":false,"outputJSON":false,"buffer":true,"appLogName":"example-web.log","coreLogName":"egg-web.log","agentLogName":"egg-agent.log","errorLogName":"common-error.log","coreLogger":{"consoleLevel":"WARN"},"allowDebugAtProd":false,"type":"application"}
2019-05-28 17:08:43,733 INFO 11846 [egg-multipart] stream mode enable
2019-05-28 17:08:44,145 INFO 11846 [egg-static] starting static serve /public/ -> /Users/hjy/Desktop/开课吧/myself/node/code/基于Koa定制自己的企业级MVC框架--08/egg-example/app/public
2019-05-28 17:08:44,148 INFO 11846 [egg-security] use csrf middleware
2019-05-28 17:08:44,149 INFO 11846 [egg-security] use methodnoallow middleware
2019-05-28 17:08:44,149 INFO 11846 [egg-security] use noopen middleware
2019-05-28 17:08:44,151 INFO 11846 [egg-security] use nosniff middleware
2019-05-28 17:08:44,152 INFO 11846 [egg-security] use xssProtection middleware
2019-05-28 17:08:44,152 INFO 11846 [egg-security] use xframe middleware
2019-05-28 17:08:44,153 INFO 11846 [egg-security] use dta middleware
2019-05-28 17:08:44,153 INFO 11846 [egg-security] compose 7 middlewares into one security middleware
2019-05-28 17:08:44,165 INFO 11846 [egg:core] dump config after load, 8ms
2019-05-28 17:08:44,236 INFO 11846 [egg-watcher:application] watcher start success
2019-05-28 17:08:44,311 INFO 11846 [egg:core] dump config after ready, 18ms
2019-05-28 17:20:38,688 INFO 11993 [egg:logger] init all loggers with options: {"dir":"/Users/hjy/Desktop/开课吧/myself/node/code/基于Koa定制自己的企业级MVC框架--08/egg-example/logs/example","encoding":"utf8","env":"local","level":"INFO","consoleLevel":"INFO","disableConsoleAfterReady":false,"outputJSON":false,"buffer":true,"appLogName":"example-web.log","coreLogName":"egg-web.log","agentLogName":"egg-agent.log","errorLogName":"common-error.log","coreLogger":{"consoleLevel":"WARN"},"allowDebugAtProd":false,"type":"application"}
2019-05-28 17:20:38,739 INFO 11993 [egg-multipart] stream mode enable
2019-05-28 17:20:39,827 INFO 11993 [egg-static] starting static serve /public/ -> /Users/hjy/Desktop/开课吧/myself/node/code/基于Koa定制自己的企业级MVC框架--08/egg-example/app/public
2019-05-28 17:20:39,832 INFO 11993 [egg-security] use csrf middleware
2019-05-28 17:20:39,835 INFO 11993 [egg-security] use methodnoallow middleware
2019-05-28 17:20:39,837 INFO 11993 [egg-security] use noopen middleware
2019-05-28 17:20:39,840 INFO 11993 [egg-security] use nosniff middleware
2019-05-28 17:20:39,842 INFO 11993 [egg-security] use xssProtection middleware
2019-05-28 17:20:39,844 INFO 11993 [egg-security] use xframe middleware
2019-05-28 17:20:39,846 INFO 11993 [egg-security] use dta middleware
2019-05-28 17:20:39,846 INFO 11993 [egg-security] compose 7 middlewares into one security middleware
2019-05-28 17:20:39,862 INFO 11993 [egg:core] dump config after load, 7ms
2019-05-28 17:20:39,956 INFO 11993 [egg-watcher:application] watcher start success
2019-05-28 17:20:39,999 INFO 11993 [egg:core] dump config after ready, 9ms
2019-05-28 17:20:41,212 INFO 12001 [egg:logger] init all loggers with options: {"dir":"/Users/hjy/Desktop/开课吧/myself/node/code/基于Koa定制自己的企业级MVC框架--08/egg-example/logs/example","encoding":"utf8","env":"local","level":"INFO","consoleLevel":"INFO","disableConsoleAfterReady":false,"outputJSON":false,"buffer":true,"appLogName":"example-web.log","coreLogName":"egg-web.log","agentLogName":"egg-agent.log","errorLogName":"common-error.log","coreLogger":{"consoleLevel":"WARN"},"allowDebugAtProd":false,"type":"application"}
2019-05-28 17:20:41,244 INFO 12001 [egg-multipart] stream mode enable
2019-05-28 17:20:41,585 INFO 12001 [egg-static] starting static serve /public/ -> /Users/hjy/Desktop/开课吧/myself/node/code/基于Koa定制自己的企业级MVC框架--08/egg-example/app/public
2019-05-28 17:20:41,588 INFO 12001 [egg-security] use csrf middleware
2019-05-28 17:20:41,589 INFO 12001 [egg-security] use methodnoallow middleware
2019-05-28 17:20:41,589 INFO 12001 [egg-security] use noopen middleware
2019-05-28 17:20:41,590 INFO 12001 [egg-security] use nosniff middleware
2019-05-28 17:20:41,590 INFO 12001 [egg-security] use xssProtection middleware
2019-05-28 17:20:41,591 INFO 12001 [egg-security] use xframe middleware
2019-05-28 17:20:41,591 INFO 12001 [egg-security] use dta middleware
2019-05-28 17:20:41,591 INFO 12001 [egg-security] compose 7 middlewares into one security middleware
2019-05-28 17:20:41,602 INFO 12001 [egg:core] dump config after load, 7ms
2019-05-28 17:20:41,686 INFO 12001 [egg-watcher:application] watcher start success
2019-05-28 17:20:41,759 INFO 12001 [egg:core] dump config after ready, 15ms
2019-05-28 17:21:01,140 INFO 12020 [egg:logger] init all loggers with options: {"dir":"/Users/hjy/Desktop/开课吧/myself/node/code/基于Koa定制自己的企业级MVC框架--08/egg-example/logs/example","encoding":"utf8","env":"local","level":"INFO","consoleLevel":"INFO","disableConsoleAfterReady":false,"outputJSON":false,"buffer":true,"appLogName":"example-web.log","coreLogName":"egg-web.log","agentLogName":"egg-agent.log","errorLogName":"common-error.log","coreLogger":{"consoleLevel":"WARN"},"allowDebugAtProd":false,"type":"application"}
2019-05-28 17:21:01,177 INFO 12020 [egg-multipart] stream mode enable
2019-05-28 17:21:01,498 INFO 12020 [egg-static] starting static serve /public/ -> /Users/hjy/Desktop/开课吧/myself/node/code/基于Koa定制自己的企业级MVC框架--08/egg-example/app/public
2019-05-28 17:21:01,501 INFO 12020 [egg-security] use csrf middleware
2019-05-28 17:21:01,503 INFO 12020 [egg-security] use methodnoallow middleware
2019-05-28 17:21:01,503 INFO 12020 [egg-security] use noopen middleware
2019-05-28 17:21:01,504 INFO 12020 [egg-security] use nosniff middleware
2019-05-28 17:21:01,504 INFO 12020 [egg-security] use xssProtection middleware
2019-05-28 17:21:01,505 INFO 12020 [egg-security] use xframe middleware
2019-05-28 17:21:01,505 INFO 12020 [egg-security] use dta middleware
2019-05-28 17:21:01,505 INFO 12020 [egg-security] compose 7 middlewares into one security middleware
2019-05-28 17:21:01,515 INFO 12020 [egg:core] dump config after load, 6ms
2019-05-28 17:21:01,571 INFO 12020 [egg-watcher:application] watcher start success
2019-05-28 17:21:01,622 INFO 12020 [egg:core] dump config after ready, 7ms
2019-05-28 17:21:43,211 INFO 12044 [egg:logger] init all loggers with options: {"dir":"/Users/hjy/Desktop/开课吧/myself/node/code/基于Koa定制自己的企业级MVC框架--08/egg-example/logs/example","encoding":"utf8","env":"local","level":"INFO","consoleLevel":"INFO","disableConsoleAfterReady":false,"outputJSON":false,"buffer":true,"appLogName":"example-web.log","coreLogName":"egg-web.log","agentLogName":"egg-agent.log","errorLogName":"common-error.log","coreLogger":{"consoleLevel":"WARN"},"allowDebugAtProd":false,"type":"application"}
2019-05-28 17:21:43,255 INFO 12044 [egg-multipart] stream mode enable
2019-05-28 17:21:44,283 INFO 12044 [egg-static] starting static serve /public/ -> /Users/hjy/Desktop/开课吧/myself/node/code/基于Koa定制自己的企业级MVC框架--08/egg-example/app/public
2019-05-28 17:21:44,289 INFO 12044 [egg-security] use csrf middleware
2019-05-28 17:21:44,292 INFO 12044 [egg-security] use methodnoallow middleware
2019-05-28 17:21:44,293 INFO 12044 [egg-security] use noopen middleware
2019-05-28 17:21:44,296 INFO 12044 [egg-security] use nosniff middleware
2019-05-28 17:21:44,298 INFO 12044 [egg-security] use xssProtection middleware
2019-05-28 17:21:44,300 INFO 12044 [egg-security] use xframe middleware
2019-05-28 17:21:44,302 INFO 12044 [egg-security] use dta middleware
2019-05-28 17:21:44,302 INFO 12044 [egg-security] compose 7 middlewares into one security middleware
2019-05-28 17:21:44,318 INFO 12044 [egg:core] dump config after load, 7ms
2019-05-28 17:21:44,432 INFO 12044 [egg-watcher:application] watcher start success
2019-05-28 17:21:44,502 INFO 12044 [egg:core] dump config after ready, 9ms
2019-05-28 17:22:00,379 INFO 12062 [egg:logger] init all loggers with options: {"dir":"/Users/hjy/Desktop/开课吧/myself/node/code/基于Koa定制自己的企业级MVC框架--08/egg-example/logs/example","encoding":"utf8","env":"local","level":"INFO","consoleLevel":"INFO","disableConsoleAfterReady":false,"outputJSON":false,"buffer":true,"appLogName":"example-web.log","coreLogName":"egg-web.log","agentLogName":"egg-agent.log","errorLogName":"common-error.log","coreLogger":{"consoleLevel":"WARN"},"allowDebugAtProd":false,"type":"application"}
2019-05-28 17:22:00,425 INFO 12062 [egg-multipart] stream mode enable
2019-05-28 17:22:01,411 INFO 12062 [egg-static] starting static serve /public/ -> /Users/hjy/Desktop/开课吧/myself/node/code/基于Koa定制自己的企业级MVC框架--08/egg-example/app/public
2019-05-28 17:22:01,416 INFO 12062 [egg-security] use csrf middleware
2019-05-28 17:22:01,418 INFO 12062 [egg-security] use methodnoallow middleware
2019-05-28 17:22:01,420 INFO 12062 [egg-security] use noopen middleware
2019-05-28 17:22:01,423 INFO 12062 [egg-security] use nosniff middleware
2019-05-28 17:22:01,425 INFO 12062 [egg-security] use xssProtection middleware
2019-05-28 17:22:01,427 INFO 12062 [egg-security] use xframe middleware
2019-05-28 17:22:01,428 INFO 12062 [egg-security] use dta middleware
2019-05-28 17:22:01,428 INFO 12062 [egg-security] compose 7 middlewares into one security middleware
2019-05-28 17:22:01,444 INFO 12062 [egg:core] dump config after load, 8ms
2019-05-28 17:22:01,517 INFO 12062 [egg-watcher:application] watcher start success
2019-05-28 17:22:01,591 INFO 12062 [egg:core] dump config after ready, 7ms
2019-05-28 17:22:04,337 INFO 12071 [egg:logger] init all loggers with options: {"dir":"/Users/hjy/Desktop/开课吧/myself/node/code/基于Koa定制自己的企业级MVC框架--08/egg-example/logs/example","encoding":"utf8","env":"local","level":"INFO","consoleLevel":"INFO","disableConsoleAfterReady":false,"outputJSON":false,"buffer":true,"appLogName":"example-web.log","coreLogName":"egg-web.log","agentLogName":"egg-agent.log","errorLogName":"common-error.log","coreLogger":{"consoleLevel":"WARN"},"allowDebugAtProd":false,"type":"application"}
2019-05-28 17:22:04,368 INFO 12071 [egg-multipart] stream mode enable
2019-05-28 17:22:04,700 INFO 12071 [egg-static] starting static serve /public/ -> /Users/hjy/Desktop/开课吧/myself/node/code/基于Koa定制自己的企业级MVC框架--08/egg-example/app/public
2019-05-28 17:22:04,704 INFO 12071 [egg-security] use csrf middleware
2019-05-28 17:22:04,706 INFO 12071 [egg-security] use methodnoallow middleware
2019-05-28 17:22:04,706 INFO 12071 [egg-security] use noopen middleware
2019-05-28 17:22:04,707 INFO 12071 [egg-security] use nosniff middleware
2019-05-28 17:22:04,708 INFO 12071 [egg-security] use xssProtection middleware
2019-05-28 17:22:04,709 INFO 12071 [egg-security] use xframe middleware
2019-05-28 17:22:04,709 INFO 12071 [egg-security] use dta middleware
2019-05-28 17:22:04,710 INFO 12071 [egg-security] compose 7 middlewares into one security middleware
2019-05-28 17:22:04,720 INFO 12071 [egg:core] dump config after load, 7ms
2019-05-28 17:22:04,780 INFO 12071 [egg-watcher:application] watcher start success
2019-05-28 17:22:04,837 INFO 12071 [egg:core] dump config after ready, 7ms
2019-05-28 17:22:30,506 INFO 12088 [egg:logger] init all loggers with options: {"dir":"/Users/hjy/Desktop/开课吧/myself/node/code/基于Koa定制自己的企业级MVC框架--08/egg-example/logs/example","encoding":"utf8","env":"local","level":"INFO","consoleLevel":"INFO","disableConsoleAfterReady":false,"outputJSON":false,"buffer":true,"appLogName":"example-web.log","coreLogName":"egg-web.log","agentLogName":"egg-agent.log","errorLogName":"common-error.log","coreLogger":{"consoleLevel":"WARN"},"allowDebugAtProd":false,"type":"application"}
2019-05-28 17:22:30,557 INFO 12088 [egg-multipart] stream mode enable
2019-05-28 17:22:31,397 INFO 12088 [egg-static] starting static serve /public/ -> /Users/hjy/Desktop/开课吧/myself/node/code/基于Koa定制自己的企业级MVC框架--08/egg-example/app/public
2019-05-28 17:22:31,401 INFO 12088 [egg-security] use csrf middleware
2019-05-28 17:22:31,404 INFO 12088 [egg-security] use methodnoallow middleware
2019-05-28 17:22:31,406 INFO 12088 [egg-security] use noopen middleware
2019-05-28 17:22:31,408 INFO 12088 [egg-security] use nosniff middleware
2019-05-28 17:22:31,411 INFO 12088 [egg-security] use xssProtection middleware
2019-05-28 17:22:31,412 INFO 12088 [egg-security] use xframe middleware
2019-05-28 17:22:31,412 INFO 12088 [egg-security] use dta middleware
2019-05-28 17:22:31,412 INFO 12088 [egg-security] compose 7 middlewares into one security middleware
2019-05-28 17:22:31,426 INFO 12088 [egg:core] dump config after load, 6ms
2019-05-28 17:22:31,505 INFO 12088 [egg-watcher:application] watcher start success
2019-05-28 17:22:31,571 INFO 12088 [egg:core] dump config after ready, 7ms
2019-05-28 17:22:52,664 INFO 12105 [egg:logger] init all loggers with options: {"dir":"/Users/hjy/Desktop/开课吧/myself/node/code/基于Koa定制自己的企业级MVC框架--08/egg-example/logs/example","encoding":"utf8","env":"local","level":"INFO","consoleLevel":"INFO","disableConsoleAfterReady":false,"outputJSON":false,"buffer":true,"appLogName":"example-web.log","coreLogName":"egg-web.log","agentLogName":"egg-agent.log","errorLogName":"common-error.log","coreLogger":{"consoleLevel":"WARN"},"allowDebugAtProd":false,"type":"application"}
2019-05-28 17:22:52,695 INFO 12105 [egg-multipart] stream mode enable
2019-05-28 17:22:53,036 INFO 12105 [egg-static] starting static serve /public/ -> /Users/hjy/Desktop/开课吧/myself/node/code/基于Koa定制自己的企业级MVC框架--08/egg-example/app/public
2019-05-28 17:22:53,040 INFO 12105 [egg-security] use csrf middleware
2019-05-28 17:22:53,040 INFO 12105 [egg-security] use methodnoallow middleware
2019-05-28 17:22:53,041 INFO 12105 [egg-security] use noopen middleware
2019-05-28 17:22:53,042 INFO 12105 [egg-security] use nosniff middleware
2019-05-28 17:22:53,042 INFO 12105 [egg-security] use xssProtection middleware
2019-05-28 17:22:53,042 INFO 12105 [egg-security] use xframe middleware
2019-05-28 17:22:53,043 INFO 12105 [egg-security] use dta middleware
2019-05-28 17:22:53,043 INFO 12105 [egg-security] compose 7 middlewares into one security middleware
2019-05-28 17:22:53,054 INFO 12105 [egg:core] dump config after load, 7ms
2019-05-28 17:22:53,116 INFO 12105 [egg-watcher:application] watcher start success
2019-05-28 17:22:53,166 INFO 12105 [egg:core] dump config after ready, 7ms
2019-05-28 17:25:13,334 INFO 12140 [egg:logger] init all loggers with options: {"dir":"/Users/hjy/Desktop/开课吧/myself/node/code/基于Koa定制自己的企业级MVC框架--08/egg-example/logs/example","encoding":"utf8","env":"local","level":"INFO","consoleLevel":"INFO","disableConsoleAfterReady":false,"outputJSON":false,"buffer":true,"appLogName":"example-web.log","coreLogName":"egg-web.log","agentLogName":"egg-agent.log","errorLogName":"common-error.log","coreLogger":{"consoleLevel":"WARN"},"allowDebugAtProd":false,"type":"application"}
2019-05-28 17:25:13,383 INFO 12140 [egg-multipart] stream mode enable
2019-05-28 17:25:14,358 INFO 12140 [egg-static] starting static serve /public/ -> /Users/hjy/Desktop/开课吧/myself/node/code/基于Koa定制自己的企业级MVC框架--08/egg-example/app/public
2019-05-28 17:25:14,364 INFO 12140 [egg-security] use csrf middleware
2019-05-28 17:25:14,367 INFO 12140 [egg-security] use methodnoallow middleware
2019-05-28 17:25:14,369 INFO 12140 [egg-security] use noopen middleware
2019-05-28 17:25:14,372 INFO 12140 [egg-security] use nosniff middleware
2019-05-28 17:25:14,373 INFO 12140 [egg-security] use xssProtection middleware
2019-05-28 17:25:14,380 INFO 12140 [egg-security] use xframe middleware
2019-05-28 17:25:14,382 INFO 12140 [egg-security] use dta middleware
2019-05-28 17:25:14,382 INFO 12140 [egg-security] compose 7 middlewares into one security middleware
2019-05-28 17:25:14,404 INFO 12140 [egg:core] dump config after load, 10ms
2019-05-28 17:25:14,516 INFO 12140 [egg-watcher:application] watcher start success
2019-05-28 17:25:14,628 INFO 12140 [egg:core] dump config after ready, 14ms
2019-05-28 17:25:20,482 INFO 12156 [egg:logger] init all loggers with options: {"dir":"/Users/hjy/Desktop/开课吧/myself/node/code/基于Koa定制自己的企业级MVC框架--08/egg-example/logs/example","encoding":"utf8","env":"local","level":"INFO","consoleLevel":"INFO","disableConsoleAfterReady":false,"outputJSON":false,"buffer":true,"appLogName":"example-web.log","coreLogName":"egg-web.log","agentLogName":"egg-agent.log","errorLogName":"common-error.log","coreLogger":{"consoleLevel":"WARN"},"allowDebugAtProd":false,"type":"application"}
2019-05-28 17:25:20,524 INFO 12156 [egg-multipart] stream mode enable
2019-05-28 17:25:20,849 INFO 12156 [egg-static] starting static serve /public/ -> /Users/hjy/Desktop/开课吧/myself/node/code/基于Koa定制自己的企业级MVC框架--08/egg-example/app/public
2019-05-28 17:25:20,852 INFO 12156 [egg-security] use csrf middleware
2019-05-28 17:25:20,852 INFO 12156 [egg-security] use methodnoallow middleware
2019-05-28 17:25:20,853 INFO 12156 [egg-security] use noopen middleware
2019-05-28 17:25:20,854 INFO 12156 [egg-security] use nosniff middleware
2019-05-28 17:25:20,854 INFO 12156 [egg-security] use xssProtection middleware
2019-05-28 17:25:20,854 INFO 12156 [egg-security] use xframe middleware
2019-05-28 17:25:20,855 INFO 12156 [egg-security] use dta middleware
2019-05-28 17:25:20,855 INFO 12156 [egg-security] compose 7 middlewares into one security middleware
2019-05-28 17:25:20,866 INFO 12156 [egg:core] dump config after load, 7ms
2019-05-28 17:25:20,936 INFO 12156 [egg-watcher:application] watcher start success
2019-05-28 17:25:21,086 INFO 12156 [egg:core] dump config after ready, 19ms
2019-05-28 17:25:35,589 INFO 12166 [egg:logger] init all loggers with options: {"dir":"/Users/hjy/Desktop/开课吧/myself/node/code/基于Koa定制自己的企业级MVC框架--08/egg-example/logs/example","encoding":"utf8","env":"local","level":"INFO","consoleLevel":"INFO","disableConsoleAfterReady":false,"outputJSON":false,"buffer":true,"appLogName":"example-web.log","coreLogName":"egg-web.log","agentLogName":"egg-agent.log","errorLogName":"common-error.log","coreLogger":{"consoleLevel":"WARN"},"allowDebugAtProd":false,"type":"application"}
2019-05-28 17:25:35,627 INFO 12166 [egg-multipart] stream mode enable
2019-05-28 17:25:35,962 INFO 12166 [egg-static] starting static serve /public/ -> /Users/hjy/Desktop/开课吧/myself/node/code/基于Koa定制自己的企业级MVC框架--08/egg-example/app/public
2019-05-28 17:25:35,964 INFO 12166 [egg-security] use csrf middleware
2019-05-28 17:25:35,965 INFO 12166 [egg-security] use methodnoallow middleware
2019-05-28 17:25:35,966 INFO 12166 [egg-security] use noopen middleware
2019-05-28 17:25:35,966 INFO 12166 [egg-security] use nosniff middleware
2019-05-28 17:25:35,967 INFO 12166 [egg-security] use xssProtection middleware
2019-05-28 17:25:35,967 INFO 12166 [egg-security] use xframe middleware
2019-05-28 17:25:35,968 INFO 12166 [egg-security] use dta middleware
2019-05-28 17:25:35,968 INFO 12166 [egg-security] compose 7 middlewares into one security middleware
2019-05-28 17:25:35,997 INFO 12166 [egg:core] dump config after load, 26ms
2019-05-28 17:25:36,098 INFO 12166 [egg-watcher:application] watcher start success
2019-05-28 17:25:36,150 INFO 12166 [egg:core] dump config after ready, 6ms
2019-05-28 17:25:37,642 INFO 12167 [egg:logger] init all loggers with options: {"dir":"/Users/hjy/Desktop/开课吧/myself/node/code/基于Koa定制自己的企业级MVC框架--08/egg-example/logs/example","encoding":"utf8","env":"local","level":"INFO","consoleLevel":"INFO","disableConsoleAfterReady":false,"outputJSON":false,"buffer":true,"appLogName":"example-web.log","coreLogName":"egg-web.log","agentLogName":"egg-agent.log","errorLogName":"common-error.log","coreLogger":{"consoleLevel":"WARN"},"allowDebugAtProd":false,"type":"application"}
2019-05-28 17:25:37,696 INFO 12167 [egg-multipart] stream mode enable
2019-05-28 17:25:38,025 INFO 12167 [egg-static] starting static serve /public/ -> /Users/hjy/Desktop/开课吧/myself/node/code/基于Koa定制自己的企业级MVC框架--08/egg-example/app/public
2019-05-28 17:25:38,028 INFO 12167 [egg-security] use csrf middleware
2019-05-28 17:25:38,029 INFO 12167 [egg-security] use methodnoallow middleware
2019-05-28 17:25:38,029 INFO 12167 [egg-security] use noopen middleware
2019-05-28 17:25:38,030 INFO 12167 [egg-security] use nosniff middleware
2019-05-28 17:25:38,030 INFO 12167 [egg-security] use xssProtection middleware
2019-05-28 17:25:38,030 INFO 12167 [egg-security] use xframe middleware
2019-05-28 17:25:38,031 INFO 12167 [egg-security] use dta middleware
2019-05-28 17:25:38,031 INFO 12167 [egg-security] compose 7 middlewares into one security middleware
2019-05-28 17:25:38,041 INFO 12167 [egg:core] dump config after load, 6ms
2019-05-28 17:25:38,112 INFO 12167 [egg-watcher:application] watcher start success
2019-05-28 17:25:38,175 INFO 12167 [egg:core] dump config after ready, 9ms
2019-05-28 17:25:42,695 INFO 12175 [egg:logger] init all loggers with options: {"dir":"/Users/hjy/Desktop/开课吧/myself/node/code/基于Koa定制自己的企业级MVC框架--08/egg-example/logs/example","encoding":"utf8","env":"local","level":"INFO","consoleLevel":"INFO","disableConsoleAfterReady":false,"outputJSON":false,"buffer":true,"appLogName":"example-web.log","coreLogName":"egg-web.log","agentLogName":"egg-agent.log","errorLogName":"common-error.log","coreLogger":{"consoleLevel":"WARN"},"allowDebugAtProd":false,"type":"application"}
2019-05-28 17:25:42,728 INFO 12175 [egg-multipart] stream mode enable
2019-05-28 17:25:43,263 INFO 12175 [egg-static] starting static serve /public/ -> /Users/hjy/Desktop/开课吧/myself/node/code/基于Koa定制自己的企业级MVC框架--08/egg-example/app/public
2019-05-28 17:25:43,268 INFO 12175 [egg-security] use csrf middleware
2019-05-28 17:25:43,269 INFO 12175 [egg-security] use methodnoallow middleware
2019-05-28 17:25:43,272 INFO 12175 [egg-security] use noopen middleware
2019-05-28 17:25:43,285 INFO 12175 [egg-security] use nosniff middleware
2019-05-28 17:25:43,286 INFO 12175 [egg-security] use xssProtection middleware
2019-05-28 17:25:43,287 INFO 12175 [egg-security] use xframe middleware
2019-05-28 17:25:43,287 INFO 12175 [egg-security] use dta middleware
2019-05-28 17:25:43,288 INFO 12175 [egg-security] compose 7 middlewares into one security middleware
2019-05-28 17:25:43,331 INFO 12175 [egg:core] dump config after load, 8ms
2019-05-28 17:25:43,392 INFO 12175 [egg-watcher:application] watcher start success
2019-05-28 17:25:43,463 INFO 12175 [egg:core] dump config after ready, 8ms
2019-05-28 17:26:21,840 INFO 12194 [egg:logger] init all loggers with options: {"dir":"/Users/hjy/Desktop/开课吧/myself/node/code/基于Koa定制自己的企业级MVC框架--08/egg-example/logs/example","encoding":"utf8","env":"local","level":"INFO","consoleLevel":"INFO","disableConsoleAfterReady":false,"outputJSON":false,"buffer":true,"appLogName":"example-web.log","coreLogName":"egg-web.log","agentLogName":"egg-agent.log","errorLogName":"common-error.log","coreLogger":{"consoleLevel":"WARN"},"allowDebugAtProd":false,"type":"application"}
2019-05-28 17:26:21,884 INFO 12194 [egg-multipart] stream mode enable
2019-05-28 17:26:22,209 INFO 12194 [egg-static] starting static serve /public/ -> /Users/hjy/Desktop/开课吧/myself/node/code/基于Koa定制自己的企业级MVC框架--08/egg-example/app/public
2019-05-28 17:26:22,212 INFO 12194 [egg-security] use csrf middleware
2019-05-28 17:26:22,213 INFO 12194 [egg-security] use methodnoallow middleware
2019-05-28 17:26:22,213 INFO 12194 [egg-security] use noopen middleware
2019-05-28 17:26:22,214 INFO 12194 [egg-security] use nosniff middleware
2019-05-28 17:26:22,215 INFO 12194 [egg-security] use xssProtection middleware
2019-05-28 17:26:22,215 INFO 12194 [egg-security] use xframe middleware
2019-05-28 17:26:22,215 INFO 12194 [egg-security] use dta middleware
2019-05-28 17:26:22,215 INFO 12194 [egg-security] compose 7 middlewares into one security middleware
2019-05-28 17:26:22,226 INFO 12194 [egg:core] dump config after load, 6ms
2019-05-28 17:26:22,286 INFO 12194 [egg-watcher:application] watcher start success
2019-05-28 17:26:22,341 INFO 12194 [egg:core] dump config after ready, 9ms
2019-05-28 17:26:24,753 INFO 12203 [egg:logger] init all loggers with options: {"dir":"/Users/hjy/Desktop/开课吧/myself/node/code/基于Koa定制自己的企业级MVC框架--08/egg-example/logs/example","encoding":"utf8","env":"local","level":"INFO","consoleLevel":"INFO","disableConsoleAfterReady":false,"outputJSON":false,"buffer":true,"appLogName":"example-web.log","coreLogName":"egg-web.log","agentLogName":"egg-agent.log","errorLogName":"common-error.log","coreLogger":{"consoleLevel":"WARN"},"allowDebugAtProd":false,"type":"application"}
2019-05-28 17:26:24,787 INFO 12203 [egg-multipart] stream mode enable
2019-05-28 17:26:25,115 INFO 12203 [egg-static] starting static serve /public/ -> /Users/hjy/Desktop/开课吧/myself/node/code/基于Koa定制自己的企业级MVC框架--08/egg-example/app/public
2019-05-28 17:26:25,117 INFO 12203 [egg-security] use csrf middleware
2019-05-28 17:26:25,118 INFO 12203 [egg-security] use methodnoallow middleware
2019-05-28 17:26:25,119 INFO 12203 [egg-security] use noopen middleware
2019-05-28 17:26:25,120 INFO 12203 [egg-security] use nosniff middleware
2019-05-28 17:26:25,120 INFO 12203 [egg-security] use xssProtection middleware
2019-05-28 17:26:25,121 INFO 12203 [egg-security] use xframe middleware
2019-05-28 17:26:25,121 INFO 12203 [egg-security] use dta middleware
2019-05-28 17:26:25,121 INFO 12203 [egg-security] compose 7 middlewares into one security middleware
2019-05-28 17:26:25,134 INFO 12203 [egg:core] dump config after load, 8ms
2019-05-28 17:26:25,206 INFO 12203 [egg-watcher:application] watcher start success
2019-05-28 17:26:25,271 INFO 12203 [egg:core] dump config after ready, 8ms
2019-05-28 17:26:35,549 INFO 12212 [egg:logger] init all loggers with options: {"dir":"/Users/hjy/Desktop/开课吧/myself/node/code/基于Koa定制自己的企业级MVC框架--08/egg-example/logs/example","encoding":"utf8","env":"local","level":"INFO","consoleLevel":"INFO","disableConsoleAfterReady":false,"outputJSON":false,"buffer":true,"appLogName":"example-web.log","coreLogName":"egg-web.log","agentLogName":"egg-agent.log","errorLogName":"common-error.log","coreLogger":{"consoleLevel":"WARN"},"allowDebugAtProd":false,"type":"application"}
2019-05-28 17:26:35,579 INFO 12212 [egg-multipart] stream mode enable
2019-05-28 17:26:35,900 INFO 12212 [egg-static] starting static serve /public/ -> /Users/hjy/Desktop/开课吧/myself/node/code/基于Koa定制自己的企业级MVC框架--08/egg-example/app/public
2019-05-28 17:26:35,903 INFO 12212 [egg-security] use csrf middleware
2019-05-28 17:26:35,904 INFO 12212 [egg-security] use methodnoallow middleware
2019-05-28 17:26:35,905 INFO 12212 [egg-security] use noopen middleware
2019-05-28 17:26:35,905 INFO 12212 [egg-security] use nosniff middleware
2019-05-28 17:26:35,906 INFO 12212 [egg-security] use xssProtection middleware
2019-05-28 17:26:35,906 INFO 12212 [egg-security] use xframe middleware
2019-05-28 17:26:35,906 INFO 12212 [egg-security] use dta middleware
2019-05-28 17:26:35,906 INFO 12212 [egg-security] compose 7 middlewares into one security middleware
2019-05-28 17:26:35,917 INFO 12212 [egg:core] dump config after load, 6ms
2019-05-28 17:26:35,973 INFO 12212 [egg-watcher:application] watcher start success
2019-05-28 17:26:36,036 INFO 12212 [egg:core] dump config after ready, 7ms
2019-05-28 17:26:38,556 INFO 12220 [egg:logger] init all loggers with options: {"dir":"/Users/hjy/Desktop/开课吧/myself/node/code/基于Koa定制自己的企业级MVC框架--08/egg-example/logs/example","encoding":"utf8","env":"local","level":"INFO","consoleLevel":"INFO","disableConsoleAfterReady":false,"outputJSON":false,"buffer":true,"appLogName":"example-web.log","coreLogName":"egg-web.log","agentLogName":"egg-agent.log","errorLogName":"common-error.log","coreLogger":{"consoleLevel":"WARN"},"allowDebugAtProd":false,"type":"application"}
2019-05-28 17:26:38,594 INFO 12220 [egg-multipart] stream mode enable
2019-05-28 17:26:38,930 INFO 12220 [egg-static] starting static serve /public/ -> /Users/hjy/Desktop/开课吧/myself/node/code/基于Koa定制自己的企业级MVC框架--08/egg-example/app/public
2019-05-28 17:26:38,933 INFO 12220 [egg-security] use csrf middleware
2019-05-28 17:26:38,934 INFO 12220 [egg-security] use methodnoallow middleware
2019-05-28 17:26:38,935 INFO 12220 [egg-security] use noopen middleware
2019-05-28 17:26:38,935 INFO 12220 [egg-security] use nosniff middleware
2019-05-28 17:26:38,936 INFO 12220 [egg-security] use xssProtection middleware
2019-05-28 17:26:38,936 INFO 12220 [egg-security] use xframe middleware
2019-05-28 17:26:38,937 INFO 12220 [egg-security] use dta middleware
2019-05-28 17:26:38,937 INFO 12220 [egg-security] compose 7 middlewares into one security middleware
2019-05-28 17:26:38,947 INFO 12220 [egg:core] dump config after load, 6ms
2019-05-28 17:26:39,037 INFO 12220 [egg-watcher:application] watcher start success
2019-05-28 17:26:39,180 INFO 12220 [egg:core] dump config after ready, 17ms
2019-05-28 17:27:10,283 INFO 12231 [egg:logger] init all loggers with options: {"dir":"/Users/hjy/Desktop/开课吧/myself/node/code/基于Koa定制自己的企业级MVC框架--08/egg-example/logs/example","encoding":"utf8","env":"local","level":"INFO","consoleLevel":"INFO","disableConsoleAfterReady":false,"outputJSON":false,"buffer":true,"appLogName":"example-web.log","coreLogName":"egg-web.log","agentLogName":"egg-agent.log","errorLogName":"common-error.log","coreLogger":{"consoleLevel":"WARN"},"allowDebugAtProd":false,"type":"application"}
2019-05-28 17:27:10,467 INFO 12231 [egg-multipart] stream mode enable
2019-05-28 17:27:10,982 INFO 12231 [egg-static] starting static serve /public/ -> /Users/hjy/Desktop/开课吧/myself/node/code/基于Koa定制自己的企业级MVC框架--08/egg-example/app/public
2019-05-28 17:27:10,985 INFO 12231 [egg-security] use csrf middleware
2019-05-28 17:27:10,986 INFO 12231 [egg-security] use methodnoallow middleware
2019-05-28 17:27:10,986 INFO 12231 [egg-security] use noopen middleware
2019-05-28 17:27:10,987 INFO 12231 [egg-security] use nosniff middleware
2019-05-28 17:27:10,987 INFO 12231 [egg-security] use xssProtection middleware
2019-05-28 17:27:10,988 INFO 12231 [egg-security] use xframe middleware
2019-05-28 17:27:10,988 INFO 12231 [egg-security] use dta middleware
2019-05-28 17:27:10,988 INFO 12231 [egg-security] compose 7 middlewares into one security middleware
2019-05-28 17:27:11,010 INFO 12231 [egg:core] dump config after load, 18ms
2019-05-28 17:27:11,068 INFO 12231 [egg-watcher:application] watcher start success
2019-05-28 17:27:11,135 INFO 12231 [egg:core] dump config after ready, 7ms
2019-05-28 17:27:30,524 INFO 12248 [egg:logger] init all loggers with options: {"dir":"/Users/hjy/Desktop/开课吧/myself/node/code/基于Koa定制自己的企业级MVC框架--08/egg-example/logs/example","encoding":"utf8","env":"local","level":"INFO","consoleLevel":"INFO","disableConsoleAfterReady":false,"outputJSON":false,"buffer":true,"appLogName":"example-web.log","coreLogName":"egg-web.log","agentLogName":"egg-agent.log","errorLogName":"common-error.log","coreLogger":{"consoleLevel":"WARN"},"allowDebugAtProd":false,"type":"application"}
2019-05-28 17:27:30,557 INFO 12248 [egg-multipart] stream mode enable
2019-05-28 17:27:30,904 INFO 12248 [egg-static] starting static serve /public/ -> /Users/hjy/Desktop/开课吧/myself/node/code/基于Koa定制自己的企业级MVC框架--08/egg-example/app/public
2019-05-28 17:27:30,907 INFO 12248 [egg-security] use csrf middleware
2019-05-28 17:27:30,908 INFO 12248 [egg-security] use methodnoallow middleware
2019-05-28 17:27:30,908 INFO 12248 [egg-security] use noopen middleware
2019-05-28 17:27:30,910 INFO 12248 [egg-security] use nosniff middleware
2019-05-28 17:27:30,910 INFO 12248 [egg-security] use xssProtection middleware
2019-05-28 17:27:30,911 INFO 12248 [egg-security] use xframe middleware
2019-05-28 17:27:30,911 INFO 12248 [egg-security] use dta middleware
2019-05-28 17:27:30,911 INFO 12248 [egg-security] compose 7 middlewares into one security middleware
2019-05-28 17:27:30,923 INFO 12248 [egg:core] dump config after load, 7ms
2019-05-28 17:27:30,979 INFO 12248 [egg-watcher:application] watcher start success
2019-05-28 17:27:31,029 INFO 12248 [egg:core] dump config after ready, 7ms
2019-05-28 17:27:42,203 INFO 12257 [egg:logger] init all loggers with options: {"dir":"/Users/hjy/Desktop/开课吧/myself/node/code/基于Koa定制自己的企业级MVC框架--08/egg-example/logs/example","encoding":"utf8","env":"local","level":"INFO","consoleLevel":"INFO","disableConsoleAfterReady":false,"outputJSON":false,"buffer":true,"appLogName":"example-web.log","coreLogName":"egg-web.log","agentLogName":"egg-agent.log","errorLogName":"common-error.log","coreLogger":{"consoleLevel":"WARN"},"allowDebugAtProd":false,"type":"application"}
2019-05-28 17:27:42,245 INFO 12257 [egg-multipart] stream mode enable
2019-05-28 17:27:42,622 INFO 12257 [egg-static] starting static serve /public/ -> /Users/hjy/Desktop/开课吧/myself/node/code/基于Koa定制自己的企业级MVC框架--08/egg-example/app/public
2019-05-28 17:27:42,626 INFO 12257 [egg-security] use csrf middleware
2019-05-28 17:27:42,627 INFO 12257 [egg-security] use methodnoallow middleware
2019-05-28 17:27:42,627 INFO 12257 [egg-security] use noopen middleware
2019-05-28 17:27:42,628 INFO 12257 [egg-security] use nosniff middleware
2019-05-28 17:27:42,628 INFO 12257 [egg-security] use xssProtection middleware
2019-05-28 17:27:42,629 INFO 12257 [egg-security] use xframe middleware
2019-05-28 17:27:42,629 INFO 12257 [egg-security] use dta middleware
2019-05-28 17:27:42,629 INFO 12257 [egg-security] compose 7 middlewares into one security middleware
2019-05-28 17:27:42,641 INFO 12257 [egg:core] dump config after load, 7ms
2019-05-28 17:27:42,701 INFO 12257 [egg-watcher:application] watcher start success
2019-05-28 17:27:42,766 INFO 12257 [egg:core] dump config after ready, 8ms
2019-05-28 17:28:26,555 INFO 12278 [egg:logger] init all loggers with options: {"dir":"/Users/hjy/Desktop/开课吧/myself/node/code/基于Koa定制自己的企业级MVC框架--08/egg-example/logs/example","encoding":"utf8","env":"local","level":"INFO","consoleLevel":"INFO","disableConsoleAfterReady":false,"outputJSON":false,"buffer":true,"appLogName":"example-web.log","coreLogName":"egg-web.log","agentLogName":"egg-agent.log","errorLogName":"common-error.log","coreLogger":{"consoleLevel":"WARN"},"allowDebugAtProd":false,"type":"application"}
2019-05-28 17:28:26,588 INFO 12278 [egg-multipart] stream mode enable
2019-05-28 17:28:26,942 INFO 12278 [egg-static] starting static serve /public/ -> /Users/hjy/Desktop/开课吧/myself/node/code/基于Koa定制自己的企业级MVC框架--08/egg-example/app/public
2019-05-28 17:28:26,947 INFO 12278 [egg-security] use csrf middleware
2019-05-28 17:28:26,948 INFO 12278 [egg-security] use methodnoallow middleware
2019-05-28 17:28:26,949 INFO 12278 [egg-security] use noopen middleware
2019-05-28 17:28:26,950 INFO 12278 [egg-security] use nosniff middleware
2019-05-28 17:28:26,950 INFO 12278 [egg-security] use xssProtection middleware
2019-05-28 17:28:26,951 INFO 12278 [egg-security] use xframe middleware
2019-05-28 17:28:26,952 INFO 12278 [egg-security] use dta middleware
2019-05-28 17:28:26,952 INFO 12278 [egg-security] compose 7 middlewares into one security middleware
2019-05-28 17:28:26,964 INFO 12278 [egg:core] dump config after load, 7ms
2019-05-28 17:28:27,021 INFO 12278 [egg-watcher:application] watcher start success
2019-05-28 17:28:27,067 INFO 12278 [egg:core] dump config after ready, 5ms
2019-05-28 17:28:38,753 INFO 12295 [egg:logger] init all loggers with options: {"dir":"/Users/hjy/Desktop/开课吧/myself/node/code/基于Koa定制自己的企业级MVC框架--08/egg-example/logs/example","encoding":"utf8","env":"local","level":"INFO","consoleLevel":"INFO","disableConsoleAfterReady":false,"outputJSON":false,"buffer":true,"appLogName":"example-web.log","coreLogName":"egg-web.log","agentLogName":"egg-agent.log","errorLogName":"common-error.log","coreLogger":{"consoleLevel":"WARN"},"allowDebugAtProd":false,"type":"application"}
2019-05-28 17:28:38,809 INFO 12295 [egg-multipart] stream mode enable
2019-05-28 17:28:39,936 INFO 12295 [egg-static] starting static serve /public/ -> /Users/hjy/Desktop/开课吧/myself/node/code/基于Koa定制自己的企业级MVC框架--08/egg-example/app/public
2019-05-28 17:28:39,942 INFO 12295 [egg-security] use csrf middleware
2019-05-28 17:28:39,945 INFO 12295 [egg-security] use methodnoallow middleware
2019-05-28 17:28:39,947 INFO 12295 [egg-security] use noopen middleware
2019-05-28 17:28:39,950 INFO 12295 [egg-security] use nosniff middleware
2019-05-28 17:28:39,953 INFO 12295 [egg-security] use xssProtection middleware
2019-05-28 17:28:39,955 INFO 12295 [egg-security] use xframe middleware
2019-05-28 17:28:39,957 INFO 12295 [egg-security] use dta middleware
2019-05-28 17:28:39,957 INFO 12295 [egg-security] compose 7 middlewares into one security middleware
2019-05-28 17:28:39,984 INFO 12295 [egg:core] dump config after load, 15ms
2019-05-28 17:28:40,096 INFO 12295 [egg-watcher:application] watcher start success
2019-05-28 17:28:40,134 INFO 12295 [egg:core] dump config after ready, 6ms
2019-05-28 17:28:53,077 INFO 12304 [egg:logger] init all loggers with options: {"dir":"/Users/hjy/Desktop/开课吧/myself/node/code/基于Koa定制自己的企业级MVC框架--08/egg-example/logs/example","encoding":"utf8","env":"local","level":"INFO","consoleLevel":"INFO","disableConsoleAfterReady":false,"outputJSON":false,"buffer":true,"appLogName":"example-web.log","coreLogName":"egg-web.log","agentLogName":"egg-agent.log","errorLogName":"common-error.log","coreLogger":{"consoleLevel":"WARN"},"allowDebugAtProd":false,"type":"application"}
2019-05-28 17:28:53,109 INFO 12304 [egg-multipart] stream mode enable
2019-05-28 17:28:53,792 INFO 12304 [egg-static] starting static serve /public/ -> /Users/hjy/Desktop/开课吧/myself/node/code/基于Koa定制自己的企业级MVC框架--08/egg-example/app/public
2019-05-28 17:28:53,796 INFO 12304 [egg-security] use csrf middleware
2019-05-28 17:28:53,798 INFO 12304 [egg-security] use methodnoallow middleware
2019-05-28 17:28:53,801 INFO 12304 [egg-security] use noopen middleware
2019-05-28 17:28:53,803 INFO 12304 [egg-security] use nosniff middleware
2019-05-28 17:28:53,805 INFO 12304 [egg-security] use xssProtection middleware
2019-05-28 17:28:53,807 INFO 12304 [egg-security] use xframe middleware
2019-05-28 17:28:53,809 INFO 12304 [egg-security] use dta middleware
2019-05-28 17:28:53,809 INFO 12304 [egg-security] compose 7 middlewares into one security middleware
2019-05-28 17:28:53,829 INFO 12304 [egg:core] dump config after load, 10ms
2019-05-28 17:28:53,889 INFO 12304 [egg-watcher:application] watcher start success
2019-05-28 17:28:53,957 INFO 12304 [egg:core] dump config after ready, 5ms
2019-05-28 17:29:21,036 INFO 12322 [egg:logger] init all loggers with options: {"dir":"/Users/hjy/Desktop/开课吧/myself/node/code/基于Koa定制自己的企业级MVC框架--08/egg-example/logs/example","encoding":"utf8","env":"local","level":"INFO","consoleLevel":"INFO","disableConsoleAfterReady":false,"outputJSON":false,"buffer":true,"appLogName":"example-web.log","coreLogName":"egg-web.log","agentLogName":"egg-agent.log","errorLogName":"common-error.log","coreLogger":{"consoleLevel":"WARN"},"allowDebugAtProd":false,"type":"application"}
2019-05-28 17:29:21,069 INFO 12322 [egg-multipart] stream mode enable
2019-05-28 17:29:21,458 INFO 12322 [egg-static] starting static serve /public/ -> /Users/hjy/Desktop/开课吧/myself/node/code/基于Koa定制自己的企业级MVC框架--08/egg-example/app/public
2019-05-28 17:29:21,461 INFO 12322 [egg-security] use csrf middleware
2019-05-28 17:29:21,461 INFO 12322 [egg-security] use methodnoallow middleware
2019-05-28 17:29:21,462 INFO 12322 [egg-security] use noopen middleware
2019-05-28 17:29:21,463 INFO 12322 [egg-security] use nosniff middleware
2019-05-28 17:29:21,463 INFO 12322 [egg-security] use xssProtection middleware
2019-05-28 17:29:21,464 INFO 12322 [egg-security] use xframe middleware
2019-05-28 17:29:21,464 INFO 12322 [egg-security] use dta middleware
2019-05-28 17:29:21,464 INFO 12322 [egg-security] compose 7 middlewares into one security middleware
2019-05-28 17:29:21,475 INFO 12322 [egg:core] dump config after load, 6ms
2019-05-28 17:29:21,538 INFO 12322 [egg-watcher:application] watcher start success
2019-05-28 17:29:21,595 INFO 12322 [egg:core] dump config after ready, 7ms
2019-05-28 17:29:30,629 INFO 12338 [egg:logger] init all loggers with options: {"dir":"/Users/hjy/Desktop/开课吧/myself/node/code/基于Koa定制自己的企业级MVC框架--08/egg-example/logs/example","encoding":"utf8","env":"local","level":"INFO","consoleLevel":"INFO","disableConsoleAfterReady":false,"outputJSON":false,"buffer":true,"appLogName":"example-web.log","coreLogName":"egg-web.log","agentLogName":"egg-agent.log","errorLogName":"common-error.log","coreLogger":{"consoleLevel":"WARN"},"allowDebugAtProd":false,"type":"application"}
2019-05-28 17:29:30,663 INFO 12338 [egg-multipart] stream mode enable
2019-05-28 17:29:30,987 INFO 12338 [egg-static] starting static serve /public/ -> /Users/hjy/Desktop/开课吧/myself/node/code/基于Koa定制自己的企业级MVC框架--08/egg-example/app/public
2019-05-28 17:29:30,990 INFO 12338 [egg-security] use csrf middleware
2019-05-28 17:29:30,991 INFO 12338 [egg-security] use methodnoallow middleware
2019-05-28 17:29:30,991 INFO 12338 [egg-security] use noopen middleware
2019-05-28 17:29:30,992 INFO 12338 [egg-security] use nosniff middleware
2019-05-28 17:29:30,992 INFO 12338 [egg-security] use xssProtection middleware
2019-05-28 17:29:30,993 INFO 12338 [egg-security] use xframe middleware
2019-05-28 17:29:30,993 INFO 12338 [egg-security] use dta middleware
2019-05-28 17:29:30,993 INFO 12338 [egg-security] compose 7 middlewares into one security middleware
2019-05-28 17:29:31,003 INFO 12338 [egg:core] dump config after load, 6ms
2019-05-28 17:29:31,065 INFO 12338 [egg-watcher:application] watcher start success
2019-05-28 17:29:31,114 INFO 12338 [egg:core] dump config after ready, 6ms
2019-05-28 17:29:39,225 INFO 12347 [egg:logger] init all loggers with options: {"dir":"/Users/hjy/Desktop/开课吧/myself/node/code/基于Koa定制自己的企业级MVC框架--08/egg-example/logs/example","encoding":"utf8","env":"local","level":"INFO","consoleLevel":"INFO","disableConsoleAfterReady":false,"outputJSON":false,"buffer":true,"appLogName":"example-web.log","coreLogName":"egg-web.log","agentLogName":"egg-agent.log","errorLogName":"common-error.log","coreLogger":{"consoleLevel":"WARN"},"allowDebugAtProd":false,"type":"application"}
2019-05-28 17:29:39,264 INFO 12347 [egg-multipart] stream mode enable
2019-05-28 17:29:39,648 INFO 12347 [egg-static] starting static serve /public/ -> /Users/hjy/Desktop/开课吧/myself/node/code/基于Koa定制自己的企业级MVC框架--08/egg-example/app/public
2019-05-28 17:29:39,651 INFO 12347 [egg-security] use csrf middleware
2019-05-28 17:29:39,652 INFO 12347 [egg-security] use methodnoallow middleware
2019-05-28 17:29:39,653 INFO 12347 [egg-security] use noopen middleware
2019-05-28 17:29:39,653 INFO 12347 [egg-security] use nosniff middleware
2019-05-28 17:29:39,654 INFO 12347 [egg-security] use xssProtection middleware
2019-05-28 17:29:39,654 INFO 12347 [egg-security] use xframe middleware
2019-05-28 17:29:39,655 INFO 12347 [egg-security] use dta middleware
2019-05-28 17:29:39,655 INFO 12347 [egg-security] compose 7 middlewares into one security middleware
2019-05-28 17:29:39,664 INFO 12347 [egg:core] dump config after load, 6ms
2019-05-28 17:29:39,721 INFO 12347 [egg-watcher:application] watcher start success
2019-05-28 17:29:39,768 INFO 12347 [egg:core] dump config after ready, 5ms
