2019-05-28 16:28:04,089 INFO 10553 [Timer] /Users/hjy/Desktop/开课吧/myself/node/code/基于Koa定制自己的企业级MVC框架--08/egg-example/node_modules/egg-multipart/app/schedule/clean_tmpdir.js next time will execute after 43315916ms at 2019-05-29 04:30:00.005
2019-05-28 16:28:04,089 INFO 10553 [Timer] /Users/hjy/Desktop/开课吧/myself/node/code/基于Koa定制自己的企业级MVC框架--08/egg-example/node_modules/egg-logrotator/app/schedule/clean_log.js next time will execute after 27115911ms at 2019-05-29 00:00:00.000
2019-05-28 16:28:04,090 INFO 10553 [Timer] /Users/hjy/Desktop/开课吧/myself/node/code/基于Koa定制自己的企业级MVC框架--08/egg-example/node_modules/egg-logrotator/app/schedule/rotate_by_file.js next time will execute after 27116911ms at 2019-05-29 00:00:01.001
2019-05-28 16:28:03,835 INFO 10562 [egg-schedule]: register schedule /Users/hjy/Desktop/开课吧/myself/node/code/基于Koa定制自己的企业级MVC框架--08/egg-example/node_modules/egg-multipart/app/schedule/clean_tmpdir.js
2019-05-28 16:28:03,835 INFO 10562 [egg-schedule]: register schedule /Users/hjy/Desktop/开课吧/myself/node/code/基于Koa定制自己的企业级MVC框架--08/egg-example/node_modules/egg-logrotator/app/schedule/clean_log.js
2019-05-28 16:28:03,835 INFO 10562 [egg-schedule]: register schedule /Users/hjy/Desktop/开课吧/myself/node/code/基于Koa定制自己的企业级MVC框架--08/egg-example/node_modules/egg-logrotator/app/schedule/rotate_by_file.js
2019-05-28 16:29:44,578 INFO 10612 [egg-schedule]: register schedule /Users/hjy/Desktop/开课吧/myself/node/code/基于Koa定制自己的企业级MVC框架--08/egg-example/node_modules/egg-multipart/app/schedule/clean_tmpdir.js
2019-05-28 16:29:44,578 INFO 10612 [egg-schedule]: register schedule /Users/hjy/Desktop/开课吧/myself/node/code/基于Koa定制自己的企业级MVC框架--08/egg-example/node_modules/egg-logrotator/app/schedule/clean_log.js
2019-05-28 16:29:44,578 INFO 10612 [egg-schedule]: register schedule /Users/hjy/Desktop/开课吧/myself/node/code/基于Koa定制自己的企业级MVC框架--08/egg-example/node_modules/egg-logrotator/app/schedule/rotate_by_file.js
2019-05-28 16:29:46,546 INFO 10613 [egg-schedule]: register schedule /Users/hjy/Desktop/开课吧/myself/node/code/基于Koa定制自己的企业级MVC框架--08/egg-example/node_modules/egg-multipart/app/schedule/clean_tmpdir.js
2019-05-28 16:29:46,546 INFO 10613 [egg-schedule]: register schedule /Users/hjy/Desktop/开课吧/myself/node/code/基于Koa定制自己的企业级MVC框架--08/egg-example/node_modules/egg-logrotator/app/schedule/clean_log.js
2019-05-28 16:29:46,546 INFO 10613 [egg-schedule]: register schedule /Users/hjy/Desktop/开课吧/myself/node/code/基于Koa定制自己的企业级MVC框架--08/egg-example/node_modules/egg-logrotator/app/schedule/rotate_by_file.js
2019-05-28 16:30:22,829 INFO 10641 [egg-schedule]: register schedule /Users/hjy/Desktop/开课吧/myself/node/code/基于Koa定制自己的企业级MVC框架--08/egg-example/node_modules/egg-multipart/app/schedule/clean_tmpdir.js
2019-05-28 16:30:22,829 INFO 10641 [egg-schedule]: register schedule /Users/hjy/Desktop/开课吧/myself/node/code/基于Koa定制自己的企业级MVC框架--08/egg-example/node_modules/egg-logrotator/app/schedule/clean_log.js
2019-05-28 16:30:22,829 INFO 10641 [egg-schedule]: register schedule /Users/hjy/Desktop/开课吧/myself/node/code/基于Koa定制自己的企业级MVC框架--08/egg-example/node_modules/egg-logrotator/app/schedule/rotate_by_file.js
2019-05-28 16:31:13,163 INFO 10669 [egg-schedule]: register schedule /Users/hjy/Desktop/开课吧/myself/node/code/基于Koa定制自己的企业级MVC框架--08/egg-example/node_modules/egg-multipart/app/schedule/clean_tmpdir.js
2019-05-28 16:31:13,163 INFO 10669 [egg-schedule]: register schedule /Users/hjy/Desktop/开课吧/myself/node/code/基于Koa定制自己的企业级MVC框架--08/egg-example/node_modules/egg-logrotator/app/schedule/clean_log.js
2019-05-28 16:31:13,163 INFO 10669 [egg-schedule]: register schedule /Users/hjy/Desktop/开课吧/myself/node/code/基于Koa定制自己的企业级MVC框架--08/egg-example/node_modules/egg-logrotator/app/schedule/rotate_by_file.js
2019-05-28 16:31:48,002 INFO 10689 [egg-schedule]: register schedule /Users/hjy/Desktop/开课吧/myself/node/code/基于Koa定制自己的企业级MVC框架--08/egg-example/node_modules/egg-multipart/app/schedule/clean_tmpdir.js
2019-05-28 16:31:48,002 INFO 10689 [egg-schedule]: register schedule /Users/hjy/Desktop/开课吧/myself/node/code/基于Koa定制自己的企业级MVC框架--08/egg-example/node_modules/egg-logrotator/app/schedule/clean_log.js
2019-05-28 16:31:48,002 INFO 10689 [egg-schedule]: register schedule /Users/hjy/Desktop/开课吧/myself/node/code/基于Koa定制自己的企业级MVC框架--08/egg-example/node_modules/egg-logrotator/app/schedule/rotate_by_file.js
2019-05-28 16:31:49,431 INFO 10697 [egg-schedule]: register schedule /Users/hjy/Desktop/开课吧/myself/node/code/基于Koa定制自己的企业级MVC框架--08/egg-example/node_modules/egg-multipart/app/schedule/clean_tmpdir.js
2019-05-28 16:31:49,431 INFO 10697 [egg-schedule]: register schedule /Users/hjy/Desktop/开课吧/myself/node/code/基于Koa定制自己的企业级MVC框架--08/egg-example/node_modules/egg-logrotator/app/schedule/clean_log.js
2019-05-28 16:31:49,431 INFO 10697 [egg-schedule]: register schedule /Users/hjy/Desktop/开课吧/myself/node/code/基于Koa定制自己的企业级MVC框架--08/egg-example/node_modules/egg-logrotator/app/schedule/rotate_by_file.js
2019-05-28 16:31:57,308 INFO 10707 [egg-schedule]: register schedule /Users/hjy/Desktop/开课吧/myself/node/code/基于Koa定制自己的企业级MVC框架--08/egg-example/node_modules/egg-multipart/app/schedule/clean_tmpdir.js
2019-05-28 16:31:57,308 INFO 10707 [egg-schedule]: register schedule /Users/hjy/Desktop/开课吧/myself/node/code/基于Koa定制自己的企业级MVC框架--08/egg-example/node_modules/egg-logrotator/app/schedule/clean_log.js
2019-05-28 16:31:57,308 INFO 10707 [egg-schedule]: register schedule /Users/hjy/Desktop/开课吧/myself/node/code/基于Koa定制自己的企业级MVC框架--08/egg-example/node_modules/egg-logrotator/app/schedule/rotate_by_file.js
2019-05-28 16:31:58,661 INFO 10715 [egg-schedule]: register schedule /Users/hjy/Desktop/开课吧/myself/node/code/基于Koa定制自己的企业级MVC框架--08/egg-example/node_modules/egg-multipart/app/schedule/clean_tmpdir.js
2019-05-28 16:31:58,661 INFO 10715 [egg-schedule]: register schedule /Users/hjy/Desktop/开课吧/myself/node/code/基于Koa定制自己的企业级MVC框架--08/egg-example/node_modules/egg-logrotator/app/schedule/clean_log.js
2019-05-28 16:31:58,661 INFO 10715 [egg-schedule]: register schedule /Users/hjy/Desktop/开课吧/myself/node/code/基于Koa定制自己的企业级MVC框架--08/egg-example/node_modules/egg-logrotator/app/schedule/rotate_by_file.js
2019-05-28 16:32:00,524 INFO 10716 [egg-schedule]: register schedule /Users/hjy/Desktop/开课吧/myself/node/code/基于Koa定制自己的企业级MVC框架--08/egg-example/node_modules/egg-multipart/app/schedule/clean_tmpdir.js
2019-05-28 16:32:00,524 INFO 10716 [egg-schedule]: register schedule /Users/hjy/Desktop/开课吧/myself/node/code/基于Koa定制自己的企业级MVC框架--08/egg-example/node_modules/egg-logrotator/app/schedule/clean_log.js
2019-05-28 16:32:00,524 INFO 10716 [egg-schedule]: register schedule /Users/hjy/Desktop/开课吧/myself/node/code/基于Koa定制自己的企业级MVC框架--08/egg-example/node_modules/egg-logrotator/app/schedule/rotate_by_file.js
2019-05-28 16:32:34,766 INFO 10732 [egg-schedule]: register schedule /Users/hjy/Desktop/开课吧/myself/node/code/基于Koa定制自己的企业级MVC框架--08/egg-example/node_modules/egg-multipart/app/schedule/clean_tmpdir.js
2019-05-28 16:32:34,766 INFO 10732 [egg-schedule]: register schedule /Users/hjy/Desktop/开课吧/myself/node/code/基于Koa定制自己的企业级MVC框架--08/egg-example/node_modules/egg-logrotator/app/schedule/clean_log.js
2019-05-28 16:32:34,766 INFO 10732 [egg-schedule]: register schedule /Users/hjy/Desktop/开课吧/myself/node/code/基于Koa定制自己的企业级MVC框架--08/egg-example/node_modules/egg-logrotator/app/schedule/rotate_by_file.js
2019-05-28 16:32:36,292 INFO 10733 [egg-schedule]: register schedule /Users/hjy/Desktop/开课吧/myself/node/code/基于Koa定制自己的企业级MVC框架--08/egg-example/node_modules/egg-multipart/app/schedule/clean_tmpdir.js
2019-05-28 16:32:36,292 INFO 10733 [egg-schedule]: register schedule /Users/hjy/Desktop/开课吧/myself/node/code/基于Koa定制自己的企业级MVC框架--08/egg-example/node_modules/egg-logrotator/app/schedule/clean_log.js
2019-05-28 16:32:36,292 INFO 10733 [egg-schedule]: register schedule /Users/hjy/Desktop/开课吧/myself/node/code/基于Koa定制自己的企业级MVC框架--08/egg-example/node_modules/egg-logrotator/app/schedule/rotate_by_file.js
2019-05-28 16:32:37,648 INFO 10742 [egg-schedule]: register schedule /Users/hjy/Desktop/开课吧/myself/node/code/基于Koa定制自己的企业级MVC框架--08/egg-example/node_modules/egg-multipart/app/schedule/clean_tmpdir.js
2019-05-28 16:32:37,648 INFO 10742 [egg-schedule]: register schedule /Users/hjy/Desktop/开课吧/myself/node/code/基于Koa定制自己的企业级MVC框架--08/egg-example/node_modules/egg-logrotator/app/schedule/clean_log.js
2019-05-28 16:32:37,648 INFO 10742 [egg-schedule]: register schedule /Users/hjy/Desktop/开课吧/myself/node/code/基于Koa定制自己的企业级MVC框架--08/egg-example/node_modules/egg-logrotator/app/schedule/rotate_by_file.js
2019-05-28 16:32:38,538 INFO 10743 [egg-schedule]: register schedule /Users/hjy/Desktop/开课吧/myself/node/code/基于Koa定制自己的企业级MVC框架--08/egg-example/node_modules/egg-multipart/app/schedule/clean_tmpdir.js
2019-05-28 16:32:38,538 INFO 10743 [egg-schedule]: register schedule /Users/hjy/Desktop/开课吧/myself/node/code/基于Koa定制自己的企业级MVC框架--08/egg-example/node_modules/egg-logrotator/app/schedule/clean_log.js
2019-05-28 16:32:38,538 INFO 10743 [egg-schedule]: register schedule /Users/hjy/Desktop/开课吧/myself/node/code/基于Koa定制自己的企业级MVC框架--08/egg-example/node_modules/egg-logrotator/app/schedule/rotate_by_file.js
2019-05-28 16:32:47,776 INFO 10757 [egg-schedule]: register schedule /Users/hjy/Desktop/开课吧/myself/node/code/基于Koa定制自己的企业级MVC框架--08/egg-example/node_modules/egg-multipart/app/schedule/clean_tmpdir.js
2019-05-28 16:32:47,777 INFO 10757 [egg-schedule]: register schedule /Users/hjy/Desktop/开课吧/myself/node/code/基于Koa定制自己的企业级MVC框架--08/egg-example/node_modules/egg-logrotator/app/schedule/clean_log.js
2019-05-28 16:32:47,777 INFO 10757 [egg-schedule]: register schedule /Users/hjy/Desktop/开课吧/myself/node/code/基于Koa定制自己的企业级MVC框架--08/egg-example/node_modules/egg-logrotator/app/schedule/rotate_by_file.js
2019-05-28 16:33:16,764 INFO 10776 [egg-schedule]: register schedule /Users/hjy/Desktop/开课吧/myself/node/code/基于Koa定制自己的企业级MVC框架--08/egg-example/node_modules/egg-multipart/app/schedule/clean_tmpdir.js
2019-05-28 16:33:16,764 INFO 10776 [egg-schedule]: register schedule /Users/hjy/Desktop/开课吧/myself/node/code/基于Koa定制自己的企业级MVC框架--08/egg-example/node_modules/egg-logrotator/app/schedule/clean_log.js
2019-05-28 16:33:16,764 INFO 10776 [egg-schedule]: register schedule /Users/hjy/Desktop/开课吧/myself/node/code/基于Koa定制自己的企业级MVC框架--08/egg-example/node_modules/egg-logrotator/app/schedule/rotate_by_file.js
2019-05-28 16:33:18,902 INFO 10784 [egg-schedule]: register schedule /Users/hjy/Desktop/开课吧/myself/node/code/基于Koa定制自己的企业级MVC框架--08/egg-example/node_modules/egg-multipart/app/schedule/clean_tmpdir.js
2019-05-28 16:33:18,902 INFO 10784 [egg-schedule]: register schedule /Users/hjy/Desktop/开课吧/myself/node/code/基于Koa定制自己的企业级MVC框架--08/egg-example/node_modules/egg-logrotator/app/schedule/clean_log.js
2019-05-28 16:33:18,902 INFO 10784 [egg-schedule]: register schedule /Users/hjy/Desktop/开课吧/myself/node/code/基于Koa定制自己的企业级MVC框架--08/egg-example/node_modules/egg-logrotator/app/schedule/rotate_by_file.js
2019-05-28 16:33:37,455 INFO 10796 [egg-schedule]: register schedule /Users/hjy/Desktop/开课吧/myself/node/code/基于Koa定制自己的企业级MVC框架--08/egg-example/node_modules/egg-multipart/app/schedule/clean_tmpdir.js
2019-05-28 16:33:37,455 INFO 10796 [egg-schedule]: register schedule /Users/hjy/Desktop/开课吧/myself/node/code/基于Koa定制自己的企业级MVC框架--08/egg-example/node_modules/egg-logrotator/app/schedule/clean_log.js
2019-05-28 16:33:37,455 INFO 10796 [egg-schedule]: register schedule /Users/hjy/Desktop/开课吧/myself/node/code/基于Koa定制自己的企业级MVC框架--08/egg-example/node_modules/egg-logrotator/app/schedule/rotate_by_file.js
2019-05-28 16:33:53,015 INFO 10806 [egg-schedule]: register schedule /Users/hjy/Desktop/开课吧/myself/node/code/基于Koa定制自己的企业级MVC框架--08/egg-example/node_modules/egg-multipart/app/schedule/clean_tmpdir.js
2019-05-28 16:33:53,015 INFO 10806 [egg-schedule]: register schedule /Users/hjy/Desktop/开课吧/myself/node/code/基于Koa定制自己的企业级MVC框架--08/egg-example/node_modules/egg-logrotator/app/schedule/clean_log.js
2019-05-28 16:33:53,015 INFO 10806 [egg-schedule]: register schedule /Users/hjy/Desktop/开课吧/myself/node/code/基于Koa定制自己的企业级MVC框架--08/egg-example/node_modules/egg-logrotator/app/schedule/rotate_by_file.js
2019-05-28 16:34:21,303 INFO 10830 [egg-schedule]: register schedule /Users/hjy/Desktop/开课吧/myself/node/code/基于Koa定制自己的企业级MVC框架--08/egg-example/node_modules/egg-multipart/app/schedule/clean_tmpdir.js
2019-05-28 16:34:21,303 INFO 10830 [egg-schedule]: register schedule /Users/hjy/Desktop/开课吧/myself/node/code/基于Koa定制自己的企业级MVC框架--08/egg-example/node_modules/egg-logrotator/app/schedule/clean_log.js
2019-05-28 16:34:21,303 INFO 10830 [egg-schedule]: register schedule /Users/hjy/Desktop/开课吧/myself/node/code/基于Koa定制自己的企业级MVC框架--08/egg-example/node_modules/egg-logrotator/app/schedule/rotate_by_file.js
2019-05-28 16:34:56,868 INFO 10881 [egg-schedule]: register schedule /Users/hjy/Desktop/开课吧/myself/node/code/基于Koa定制自己的企业级MVC框架--08/egg-example/node_modules/egg-multipart/app/schedule/clean_tmpdir.js
2019-05-28 16:34:56,868 INFO 10881 [egg-schedule]: register schedule /Users/hjy/Desktop/开课吧/myself/node/code/基于Koa定制自己的企业级MVC框架--08/egg-example/node_modules/egg-logrotator/app/schedule/clean_log.js
2019-05-28 16:34:56,868 INFO 10881 [egg-schedule]: register schedule /Users/hjy/Desktop/开课吧/myself/node/code/基于Koa定制自己的企业级MVC框架--08/egg-example/node_modules/egg-logrotator/app/schedule/rotate_by_file.js
2019-05-28 16:34:57,110 INFO 10880 [Timer] /Users/hjy/Desktop/开课吧/myself/node/code/基于Koa定制自己的企业级MVC框架--08/egg-example/node_modules/egg-multipart/app/schedule/clean_tmpdir.js next time will execute after 42902893ms at 2019-05-29 04:30:00.003
2019-05-28 16:34:57,110 INFO 10880 [Timer] /Users/hjy/Desktop/开课吧/myself/node/code/基于Koa定制自己的企业级MVC框架--08/egg-example/node_modules/egg-logrotator/app/schedule/clean_log.js next time will execute after 26702890ms at 2019-05-29 00:00:00.000
2019-05-28 16:34:57,111 INFO 10880 [Timer] /Users/hjy/Desktop/开课吧/myself/node/code/基于Koa定制自己的企业级MVC框架--08/egg-example/node_modules/egg-logrotator/app/schedule/rotate_by_file.js next time will execute after 26703890ms at 2019-05-29 00:00:01.001
2019-05-28 16:38:12,540 INFO 10922 [egg-schedule]: register schedule /Users/hjy/Desktop/开课吧/myself/node/code/基于Koa定制自己的企业级MVC框架--08/egg-example/node_modules/egg-multipart/app/schedule/clean_tmpdir.js
2019-05-28 16:38:12,540 INFO 10922 [egg-schedule]: register schedule /Users/hjy/Desktop/开课吧/myself/node/code/基于Koa定制自己的企业级MVC框架--08/egg-example/node_modules/egg-logrotator/app/schedule/clean_log.js
2019-05-28 16:38:12,540 INFO 10922 [egg-schedule]: register schedule /Users/hjy/Desktop/开课吧/myself/node/code/基于Koa定制自己的企业级MVC框架--08/egg-example/node_modules/egg-logrotator/app/schedule/rotate_by_file.js
2019-05-28 16:38:44,671 INFO 10945 [egg-schedule]: register schedule /Users/hjy/Desktop/开课吧/myself/node/code/基于Koa定制自己的企业级MVC框架--08/egg-example/node_modules/egg-multipart/app/schedule/clean_tmpdir.js
2019-05-28 16:38:44,671 INFO 10945 [egg-schedule]: register schedule /Users/hjy/Desktop/开课吧/myself/node/code/基于Koa定制自己的企业级MVC框架--08/egg-example/node_modules/egg-logrotator/app/schedule/clean_log.js
2019-05-28 16:38:44,671 INFO 10945 [egg-schedule]: register schedule /Users/hjy/Desktop/开课吧/myself/node/code/基于Koa定制自己的企业级MVC框架--08/egg-example/node_modules/egg-logrotator/app/schedule/rotate_by_file.js
2019-05-28 16:38:46,098 INFO 10953 [egg-schedule]: register schedule /Users/hjy/Desktop/开课吧/myself/node/code/基于Koa定制自己的企业级MVC框架--08/egg-example/node_modules/egg-multipart/app/schedule/clean_tmpdir.js
2019-05-28 16:38:46,098 INFO 10953 [egg-schedule]: register schedule /Users/hjy/Desktop/开课吧/myself/node/code/基于Koa定制自己的企业级MVC框架--08/egg-example/node_modules/egg-logrotator/app/schedule/clean_log.js
2019-05-28 16:38:46,098 INFO 10953 [egg-schedule]: register schedule /Users/hjy/Desktop/开课吧/myself/node/code/基于Koa定制自己的企业级MVC框架--08/egg-example/node_modules/egg-logrotator/app/schedule/rotate_by_file.js
2019-05-28 16:39:51,447 INFO 10985 [egg-schedule]: register schedule /Users/hjy/Desktop/开课吧/myself/node/code/基于Koa定制自己的企业级MVC框架--08/egg-example/node_modules/egg-multipart/app/schedule/clean_tmpdir.js
2019-05-28 16:39:51,447 INFO 10985 [egg-schedule]: register schedule /Users/hjy/Desktop/开课吧/myself/node/code/基于Koa定制自己的企业级MVC框架--08/egg-example/node_modules/egg-logrotator/app/schedule/clean_log.js
2019-05-28 16:39:51,447 INFO 10985 [egg-schedule]: register schedule /Users/hjy/Desktop/开课吧/myself/node/code/基于Koa定制自己的企业级MVC框架--08/egg-example/node_modules/egg-logrotator/app/schedule/rotate_by_file.js
2019-05-28 16:46:08,713 INFO 11171 [egg-schedule]: register schedule /Users/hjy/Desktop/开课吧/myself/node/code/基于Koa定制自己的企业级MVC框架--08/egg-example/node_modules/egg-multipart/app/schedule/clean_tmpdir.js
2019-05-28 16:46:08,713 INFO 11171 [egg-schedule]: register schedule /Users/hjy/Desktop/开课吧/myself/node/code/基于Koa定制自己的企业级MVC框架--08/egg-example/node_modules/egg-logrotator/app/schedule/clean_log.js
2019-05-28 16:46:08,713 INFO 11171 [egg-schedule]: register schedule /Users/hjy/Desktop/开课吧/myself/node/code/基于Koa定制自己的企业级MVC框架--08/egg-example/node_modules/egg-logrotator/app/schedule/rotate_by_file.js
2019-05-28 16:46:11,971 INFO 11181 [egg-schedule]: register schedule /Users/hjy/Desktop/开课吧/myself/node/code/基于Koa定制自己的企业级MVC框架--08/egg-example/node_modules/egg-multipart/app/schedule/clean_tmpdir.js
2019-05-28 16:46:11,971 INFO 11181 [egg-schedule]: register schedule /Users/hjy/Desktop/开课吧/myself/node/code/基于Koa定制自己的企业级MVC框架--08/egg-example/node_modules/egg-logrotator/app/schedule/clean_log.js
2019-05-28 16:46:11,971 INFO 11181 [egg-schedule]: register schedule /Users/hjy/Desktop/开课吧/myself/node/code/基于Koa定制自己的企业级MVC框架--08/egg-example/node_modules/egg-logrotator/app/schedule/rotate_by_file.js
2019-05-28 16:47:47,863 INFO 11209 [egg-schedule]: register schedule /Users/hjy/Desktop/开课吧/myself/node/code/基于Koa定制自己的企业级MVC框架--08/egg-example/node_modules/egg-multipart/app/schedule/clean_tmpdir.js
2019-05-28 16:47:47,864 INFO 11209 [egg-schedule]: register schedule /Users/hjy/Desktop/开课吧/myself/node/code/基于Koa定制自己的企业级MVC框架--08/egg-example/node_modules/egg-logrotator/app/schedule/clean_log.js
2019-05-28 16:47:47,864 INFO 11209 [egg-schedule]: register schedule /Users/hjy/Desktop/开课吧/myself/node/code/基于Koa定制自己的企业级MVC框架--08/egg-example/node_modules/egg-logrotator/app/schedule/rotate_by_file.js
2019-05-28 16:49:30,563 INFO 11253 [egg-schedule]: register schedule /Users/hjy/Desktop/开课吧/myself/node/code/基于Koa定制自己的企业级MVC框架--08/egg-example/node_modules/egg-multipart/app/schedule/clean_tmpdir.js
2019-05-28 16:49:30,563 INFO 11253 [egg-schedule]: register schedule /Users/hjy/Desktop/开课吧/myself/node/code/基于Koa定制自己的企业级MVC框架--08/egg-example/node_modules/egg-logrotator/app/schedule/clean_log.js
2019-05-28 16:49:30,563 INFO 11253 [egg-schedule]: register schedule /Users/hjy/Desktop/开课吧/myself/node/code/基于Koa定制自己的企业级MVC框架--08/egg-example/node_modules/egg-logrotator/app/schedule/rotate_by_file.js
2019-05-28 16:49:42,837 INFO 11272 [egg-schedule]: register schedule /Users/hjy/Desktop/开课吧/myself/node/code/基于Koa定制自己的企业级MVC框架--08/egg-example/node_modules/egg-multipart/app/schedule/clean_tmpdir.js
2019-05-28 16:49:42,837 INFO 11272 [egg-schedule]: register schedule /Users/hjy/Desktop/开课吧/myself/node/code/基于Koa定制自己的企业级MVC框架--08/egg-example/node_modules/egg-logrotator/app/schedule/clean_log.js
2019-05-28 16:49:42,837 INFO 11272 [egg-schedule]: register schedule /Users/hjy/Desktop/开课吧/myself/node/code/基于Koa定制自己的企业级MVC框架--08/egg-example/node_modules/egg-logrotator/app/schedule/rotate_by_file.js
2019-05-28 17:06:54,802 INFO 11785 [Timer] /Users/hjy/Desktop/开课吧/myself/node/code/基于Koa定制自己的企业级MVC框架--08/egg-example/node_modules/egg-multipart/app/schedule/clean_tmpdir.js next time will execute after 40985205ms at 2019-05-29 04:30:00.007
2019-05-28 17:06:54,803 INFO 11785 [Timer] /Users/hjy/Desktop/开课吧/myself/node/code/基于Koa定制自己的企业级MVC框架--08/egg-example/node_modules/egg-logrotator/app/schedule/clean_log.js next time will execute after 24785198ms at 2019-05-29 00:00:00.001
2019-05-28 17:06:54,804 INFO 11785 [Timer] /Users/hjy/Desktop/开课吧/myself/node/code/基于Koa定制自己的企业级MVC框架--08/egg-example/node_modules/egg-logrotator/app/schedule/rotate_by_file.js next time will execute after 24786197ms at 2019-05-29 00:00:01.001
2019-05-28 17:06:54,173 INFO 11787 [egg-schedule]: register schedule /Users/hjy/Desktop/开课吧/myself/node/code/基于Koa定制自己的企业级MVC框架--08/egg-example/node_modules/egg-multipart/app/schedule/clean_tmpdir.js
2019-05-28 17:06:54,173 INFO 11787 [egg-schedule]: register schedule /Users/hjy/Desktop/开课吧/myself/node/code/基于Koa定制自己的企业级MVC框架--08/egg-example/node_modules/egg-logrotator/app/schedule/clean_log.js
2019-05-28 17:06:54,173 INFO 11787 [egg-schedule]: register schedule /Users/hjy/Desktop/开课吧/myself/node/code/基于Koa定制自己的企业级MVC框架--08/egg-example/node_modules/egg-logrotator/app/schedule/rotate_by_file.js
2019-05-28 17:08:30,184 INFO 11819 [egg-schedule]: register schedule /Users/hjy/Desktop/开课吧/myself/node/code/基于Koa定制自己的企业级MVC框架--08/egg-example/node_modules/egg-multipart/app/schedule/clean_tmpdir.js
2019-05-28 17:08:30,184 INFO 11819 [egg-schedule]: register schedule /Users/hjy/Desktop/开课吧/myself/node/code/基于Koa定制自己的企业级MVC框架--08/egg-example/node_modules/egg-logrotator/app/schedule/clean_log.js
2019-05-28 17:08:30,184 INFO 11819 [egg-schedule]: register schedule /Users/hjy/Desktop/开课吧/myself/node/code/基于Koa定制自己的企业级MVC框架--08/egg-example/node_modules/egg-logrotator/app/schedule/rotate_by_file.js
2019-05-28 17:08:38,981 INFO 11837 [egg-schedule]: register schedule /Users/hjy/Desktop/开课吧/myself/node/code/基于Koa定制自己的企业级MVC框架--08/egg-example/node_modules/egg-multipart/app/schedule/clean_tmpdir.js
2019-05-28 17:08:38,982 INFO 11837 [egg-schedule]: register schedule /Users/hjy/Desktop/开课吧/myself/node/code/基于Koa定制自己的企业级MVC框架--08/egg-example/node_modules/egg-logrotator/app/schedule/clean_log.js
2019-05-28 17:08:38,982 INFO 11837 [egg-schedule]: register schedule /Users/hjy/Desktop/开课吧/myself/node/code/基于Koa定制自己的企业级MVC框架--08/egg-example/node_modules/egg-logrotator/app/schedule/rotate_by_file.js
2019-05-28 17:08:43,732 INFO 11846 [egg-schedule]: register schedule /Users/hjy/Desktop/开课吧/myself/node/code/基于Koa定制自己的企业级MVC框架--08/egg-example/node_modules/egg-multipart/app/schedule/clean_tmpdir.js
2019-05-28 17:08:43,732 INFO 11846 [egg-schedule]: register schedule /Users/hjy/Desktop/开课吧/myself/node/code/基于Koa定制自己的企业级MVC框架--08/egg-example/node_modules/egg-logrotator/app/schedule/clean_log.js
2019-05-28 17:08:43,733 INFO 11846 [egg-schedule]: register schedule /Users/hjy/Desktop/开课吧/myself/node/code/基于Koa定制自己的企业级MVC框架--08/egg-example/node_modules/egg-logrotator/app/schedule/rotate_by_file.js
2019-05-28 17:20:38,738 INFO 11993 [egg-schedule]: register schedule /Users/hjy/Desktop/开课吧/myself/node/code/基于Koa定制自己的企业级MVC框架--08/egg-example/node_modules/egg-multipart/app/schedule/clean_tmpdir.js
2019-05-28 17:20:38,738 INFO 11993 [egg-schedule]: register schedule /Users/hjy/Desktop/开课吧/myself/node/code/基于Koa定制自己的企业级MVC框架--08/egg-example/node_modules/egg-logrotator/app/schedule/clean_log.js
2019-05-28 17:20:38,738 INFO 11993 [egg-schedule]: register schedule /Users/hjy/Desktop/开课吧/myself/node/code/基于Koa定制自己的企业级MVC框架--08/egg-example/node_modules/egg-logrotator/app/schedule/rotate_by_file.js
2019-05-28 17:20:41,243 INFO 12001 [egg-schedule]: register schedule /Users/hjy/Desktop/开课吧/myself/node/code/基于Koa定制自己的企业级MVC框架--08/egg-example/node_modules/egg-multipart/app/schedule/clean_tmpdir.js
2019-05-28 17:20:41,243 INFO 12001 [egg-schedule]: register schedule /Users/hjy/Desktop/开课吧/myself/node/code/基于Koa定制自己的企业级MVC框架--08/egg-example/node_modules/egg-logrotator/app/schedule/clean_log.js
2019-05-28 17:20:41,243 INFO 12001 [egg-schedule]: register schedule /Users/hjy/Desktop/开课吧/myself/node/code/基于Koa定制自己的企业级MVC框架--08/egg-example/node_modules/egg-logrotator/app/schedule/rotate_by_file.js
2019-05-28 17:21:01,176 INFO 12020 [egg-schedule]: register schedule /Users/hjy/Desktop/开课吧/myself/node/code/基于Koa定制自己的企业级MVC框架--08/egg-example/node_modules/egg-multipart/app/schedule/clean_tmpdir.js
2019-05-28 17:21:01,176 INFO 12020 [egg-schedule]: register schedule /Users/hjy/Desktop/开课吧/myself/node/code/基于Koa定制自己的企业级MVC框架--08/egg-example/node_modules/egg-logrotator/app/schedule/clean_log.js
2019-05-28 17:21:01,176 INFO 12020 [egg-schedule]: register schedule /Users/hjy/Desktop/开课吧/myself/node/code/基于Koa定制自己的企业级MVC框架--08/egg-example/node_modules/egg-logrotator/app/schedule/rotate_by_file.js
2019-05-28 17:21:43,255 INFO 12044 [egg-schedule]: register schedule /Users/hjy/Desktop/开课吧/myself/node/code/基于Koa定制自己的企业级MVC框架--08/egg-example/node_modules/egg-multipart/app/schedule/clean_tmpdir.js
2019-05-28 17:21:43,255 INFO 12044 [egg-schedule]: register schedule /Users/hjy/Desktop/开课吧/myself/node/code/基于Koa定制自己的企业级MVC框架--08/egg-example/node_modules/egg-logrotator/app/schedule/clean_log.js
2019-05-28 17:21:43,255 INFO 12044 [egg-schedule]: register schedule /Users/hjy/Desktop/开课吧/myself/node/code/基于Koa定制自己的企业级MVC框架--08/egg-example/node_modules/egg-logrotator/app/schedule/rotate_by_file.js
2019-05-28 17:22:00,424 INFO 12062 [egg-schedule]: register schedule /Users/hjy/Desktop/开课吧/myself/node/code/基于Koa定制自己的企业级MVC框架--08/egg-example/node_modules/egg-multipart/app/schedule/clean_tmpdir.js
2019-05-28 17:22:00,424 INFO 12062 [egg-schedule]: register schedule /Users/hjy/Desktop/开课吧/myself/node/code/基于Koa定制自己的企业级MVC框架--08/egg-example/node_modules/egg-logrotator/app/schedule/clean_log.js
2019-05-28 17:22:00,424 INFO 12062 [egg-schedule]: register schedule /Users/hjy/Desktop/开课吧/myself/node/code/基于Koa定制自己的企业级MVC框架--08/egg-example/node_modules/egg-logrotator/app/schedule/rotate_by_file.js
2019-05-28 17:22:04,368 INFO 12071 [egg-schedule]: register schedule /Users/hjy/Desktop/开课吧/myself/node/code/基于Koa定制自己的企业级MVC框架--08/egg-example/node_modules/egg-multipart/app/schedule/clean_tmpdir.js
2019-05-28 17:22:04,368 INFO 12071 [egg-schedule]: register schedule /Users/hjy/Desktop/开课吧/myself/node/code/基于Koa定制自己的企业级MVC框架--08/egg-example/node_modules/egg-logrotator/app/schedule/clean_log.js
2019-05-28 17:22:04,368 INFO 12071 [egg-schedule]: register schedule /Users/hjy/Desktop/开课吧/myself/node/code/基于Koa定制自己的企业级MVC框架--08/egg-example/node_modules/egg-logrotator/app/schedule/rotate_by_file.js
2019-05-28 17:22:30,556 INFO 12088 [egg-schedule]: register schedule /Users/hjy/Desktop/开课吧/myself/node/code/基于Koa定制自己的企业级MVC框架--08/egg-example/node_modules/egg-multipart/app/schedule/clean_tmpdir.js
2019-05-28 17:22:30,556 INFO 12088 [egg-schedule]: register schedule /Users/hjy/Desktop/开课吧/myself/node/code/基于Koa定制自己的企业级MVC框架--08/egg-example/node_modules/egg-logrotator/app/schedule/clean_log.js
2019-05-28 17:22:30,556 INFO 12088 [egg-schedule]: register schedule /Users/hjy/Desktop/开课吧/myself/node/code/基于Koa定制自己的企业级MVC框架--08/egg-example/node_modules/egg-logrotator/app/schedule/rotate_by_file.js
2019-05-28 17:22:52,694 INFO 12105 [egg-schedule]: register schedule /Users/hjy/Desktop/开课吧/myself/node/code/基于Koa定制自己的企业级MVC框架--08/egg-example/node_modules/egg-multipart/app/schedule/clean_tmpdir.js
2019-05-28 17:22:52,694 INFO 12105 [egg-schedule]: register schedule /Users/hjy/Desktop/开课吧/myself/node/code/基于Koa定制自己的企业级MVC框架--08/egg-example/node_modules/egg-logrotator/app/schedule/clean_log.js
2019-05-28 17:22:52,694 INFO 12105 [egg-schedule]: register schedule /Users/hjy/Desktop/开课吧/myself/node/code/基于Koa定制自己的企业级MVC框架--08/egg-example/node_modules/egg-logrotator/app/schedule/rotate_by_file.js
2019-05-28 17:25:13,382 INFO 12140 [egg-schedule]: register schedule /Users/hjy/Desktop/开课吧/myself/node/code/基于Koa定制自己的企业级MVC框架--08/egg-example/node_modules/egg-multipart/app/schedule/clean_tmpdir.js
2019-05-28 17:25:13,382 INFO 12140 [egg-schedule]: register schedule /Users/hjy/Desktop/开课吧/myself/node/code/基于Koa定制自己的企业级MVC框架--08/egg-example/node_modules/egg-logrotator/app/schedule/clean_log.js
2019-05-28 17:25:13,382 INFO 12140 [egg-schedule]: register schedule /Users/hjy/Desktop/开课吧/myself/node/code/基于Koa定制自己的企业级MVC框架--08/egg-example/node_modules/egg-logrotator/app/schedule/rotate_by_file.js
2019-05-28 17:25:20,523 INFO 12156 [egg-schedule]: register schedule /Users/hjy/Desktop/开课吧/myself/node/code/基于Koa定制自己的企业级MVC框架--08/egg-example/node_modules/egg-multipart/app/schedule/clean_tmpdir.js
2019-05-28 17:25:20,523 INFO 12156 [egg-schedule]: register schedule /Users/hjy/Desktop/开课吧/myself/node/code/基于Koa定制自己的企业级MVC框架--08/egg-example/node_modules/egg-logrotator/app/schedule/clean_log.js
2019-05-28 17:25:20,523 INFO 12156 [egg-schedule]: register schedule /Users/hjy/Desktop/开课吧/myself/node/code/基于Koa定制自己的企业级MVC框架--08/egg-example/node_modules/egg-logrotator/app/schedule/rotate_by_file.js
2019-05-28 17:25:35,626 INFO 12166 [egg-schedule]: register schedule /Users/hjy/Desktop/开课吧/myself/node/code/基于Koa定制自己的企业级MVC框架--08/egg-example/node_modules/egg-multipart/app/schedule/clean_tmpdir.js
2019-05-28 17:25:35,626 INFO 12166 [egg-schedule]: register schedule /Users/hjy/Desktop/开课吧/myself/node/code/基于Koa定制自己的企业级MVC框架--08/egg-example/node_modules/egg-logrotator/app/schedule/clean_log.js
2019-05-28 17:25:35,626 INFO 12166 [egg-schedule]: register schedule /Users/hjy/Desktop/开课吧/myself/node/code/基于Koa定制自己的企业级MVC框架--08/egg-example/node_modules/egg-logrotator/app/schedule/rotate_by_file.js
2019-05-28 17:25:37,695 INFO 12167 [egg-schedule]: register schedule /Users/hjy/Desktop/开课吧/myself/node/code/基于Koa定制自己的企业级MVC框架--08/egg-example/node_modules/egg-multipart/app/schedule/clean_tmpdir.js
2019-05-28 17:25:37,695 INFO 12167 [egg-schedule]: register schedule /Users/hjy/Desktop/开课吧/myself/node/code/基于Koa定制自己的企业级MVC框架--08/egg-example/node_modules/egg-logrotator/app/schedule/clean_log.js
2019-05-28 17:25:37,695 INFO 12167 [egg-schedule]: register schedule /Users/hjy/Desktop/开课吧/myself/node/code/基于Koa定制自己的企业级MVC框架--08/egg-example/node_modules/egg-logrotator/app/schedule/rotate_by_file.js
2019-05-28 17:25:42,726 INFO 12175 [egg-schedule]: register schedule /Users/hjy/Desktop/开课吧/myself/node/code/基于Koa定制自己的企业级MVC框架--08/egg-example/node_modules/egg-multipart/app/schedule/clean_tmpdir.js
2019-05-28 17:25:42,727 INFO 12175 [egg-schedule]: register schedule /Users/hjy/Desktop/开课吧/myself/node/code/基于Koa定制自己的企业级MVC框架--08/egg-example/node_modules/egg-logrotator/app/schedule/clean_log.js
2019-05-28 17:25:42,727 INFO 12175 [egg-schedule]: register schedule /Users/hjy/Desktop/开课吧/myself/node/code/基于Koa定制自己的企业级MVC框架--08/egg-example/node_modules/egg-logrotator/app/schedule/rotate_by_file.js
2019-05-28 17:26:21,882 INFO 12194 [egg-schedule]: register schedule /Users/hjy/Desktop/开课吧/myself/node/code/基于Koa定制自己的企业级MVC框架--08/egg-example/node_modules/egg-multipart/app/schedule/clean_tmpdir.js
2019-05-28 17:26:21,883 INFO 12194 [egg-schedule]: register schedule /Users/hjy/Desktop/开课吧/myself/node/code/基于Koa定制自己的企业级MVC框架--08/egg-example/node_modules/egg-logrotator/app/schedule/clean_log.js
2019-05-28 17:26:21,883 INFO 12194 [egg-schedule]: register schedule /Users/hjy/Desktop/开课吧/myself/node/code/基于Koa定制自己的企业级MVC框架--08/egg-example/node_modules/egg-logrotator/app/schedule/rotate_by_file.js
2019-05-28 17:26:24,786 INFO 12203 [egg-schedule]: register schedule /Users/hjy/Desktop/开课吧/myself/node/code/基于Koa定制自己的企业级MVC框架--08/egg-example/node_modules/egg-multipart/app/schedule/clean_tmpdir.js
2019-05-28 17:26:24,786 INFO 12203 [egg-schedule]: register schedule /Users/hjy/Desktop/开课吧/myself/node/code/基于Koa定制自己的企业级MVC框架--08/egg-example/node_modules/egg-logrotator/app/schedule/clean_log.js
2019-05-28 17:26:24,786 INFO 12203 [egg-schedule]: register schedule /Users/hjy/Desktop/开课吧/myself/node/code/基于Koa定制自己的企业级MVC框架--08/egg-example/node_modules/egg-logrotator/app/schedule/rotate_by_file.js
2019-05-28 17:26:35,578 INFO 12212 [egg-schedule]: register schedule /Users/hjy/Desktop/开课吧/myself/node/code/基于Koa定制自己的企业级MVC框架--08/egg-example/node_modules/egg-multipart/app/schedule/clean_tmpdir.js
2019-05-28 17:26:35,578 INFO 12212 [egg-schedule]: register schedule /Users/hjy/Desktop/开课吧/myself/node/code/基于Koa定制自己的企业级MVC框架--08/egg-example/node_modules/egg-logrotator/app/schedule/clean_log.js
2019-05-28 17:26:35,578 INFO 12212 [egg-schedule]: register schedule /Users/hjy/Desktop/开课吧/myself/node/code/基于Koa定制自己的企业级MVC框架--08/egg-example/node_modules/egg-logrotator/app/schedule/rotate_by_file.js
2019-05-28 17:26:38,593 INFO 12220 [egg-schedule]: register schedule /Users/hjy/Desktop/开课吧/myself/node/code/基于Koa定制自己的企业级MVC框架--08/egg-example/node_modules/egg-multipart/app/schedule/clean_tmpdir.js
2019-05-28 17:26:38,593 INFO 12220 [egg-schedule]: register schedule /Users/hjy/Desktop/开课吧/myself/node/code/基于Koa定制自己的企业级MVC框架--08/egg-example/node_modules/egg-logrotator/app/schedule/clean_log.js
2019-05-28 17:26:38,593 INFO 12220 [egg-schedule]: register schedule /Users/hjy/Desktop/开课吧/myself/node/code/基于Koa定制自己的企业级MVC框架--08/egg-example/node_modules/egg-logrotator/app/schedule/rotate_by_file.js
2019-05-28 17:27:10,466 INFO 12231 [egg-schedule]: register schedule /Users/hjy/Desktop/开课吧/myself/node/code/基于Koa定制自己的企业级MVC框架--08/egg-example/node_modules/egg-multipart/app/schedule/clean_tmpdir.js
2019-05-28 17:27:10,466 INFO 12231 [egg-schedule]: register schedule /Users/hjy/Desktop/开课吧/myself/node/code/基于Koa定制自己的企业级MVC框架--08/egg-example/node_modules/egg-logrotator/app/schedule/clean_log.js
2019-05-28 17:27:10,466 INFO 12231 [egg-schedule]: register schedule /Users/hjy/Desktop/开课吧/myself/node/code/基于Koa定制自己的企业级MVC框架--08/egg-example/node_modules/egg-logrotator/app/schedule/rotate_by_file.js
2019-05-28 17:27:30,557 INFO 12248 [egg-schedule]: register schedule /Users/hjy/Desktop/开课吧/myself/node/code/基于Koa定制自己的企业级MVC框架--08/egg-example/node_modules/egg-multipart/app/schedule/clean_tmpdir.js
2019-05-28 17:27:30,557 INFO 12248 [egg-schedule]: register schedule /Users/hjy/Desktop/开课吧/myself/node/code/基于Koa定制自己的企业级MVC框架--08/egg-example/node_modules/egg-logrotator/app/schedule/clean_log.js
2019-05-28 17:27:30,557 INFO 12248 [egg-schedule]: register schedule /Users/hjy/Desktop/开课吧/myself/node/code/基于Koa定制自己的企业级MVC框架--08/egg-example/node_modules/egg-logrotator/app/schedule/rotate_by_file.js
2019-05-28 17:27:42,244 INFO 12257 [egg-schedule]: register schedule /Users/hjy/Desktop/开课吧/myself/node/code/基于Koa定制自己的企业级MVC框架--08/egg-example/node_modules/egg-multipart/app/schedule/clean_tmpdir.js
2019-05-28 17:27:42,244 INFO 12257 [egg-schedule]: register schedule /Users/hjy/Desktop/开课吧/myself/node/code/基于Koa定制自己的企业级MVC框架--08/egg-example/node_modules/egg-logrotator/app/schedule/clean_log.js
2019-05-28 17:27:42,244 INFO 12257 [egg-schedule]: register schedule /Users/hjy/Desktop/开课吧/myself/node/code/基于Koa定制自己的企业级MVC框架--08/egg-example/node_modules/egg-logrotator/app/schedule/rotate_by_file.js
2019-05-28 17:28:26,587 INFO 12278 [egg-schedule]: register schedule /Users/hjy/Desktop/开课吧/myself/node/code/基于Koa定制自己的企业级MVC框架--08/egg-example/node_modules/egg-multipart/app/schedule/clean_tmpdir.js
2019-05-28 17:28:26,587 INFO 12278 [egg-schedule]: register schedule /Users/hjy/Desktop/开课吧/myself/node/code/基于Koa定制自己的企业级MVC框架--08/egg-example/node_modules/egg-logrotator/app/schedule/clean_log.js
2019-05-28 17:28:26,587 INFO 12278 [egg-schedule]: register schedule /Users/hjy/Desktop/开课吧/myself/node/code/基于Koa定制自己的企业级MVC框架--08/egg-example/node_modules/egg-logrotator/app/schedule/rotate_by_file.js
2019-05-28 17:28:38,808 INFO 12295 [egg-schedule]: register schedule /Users/hjy/Desktop/开课吧/myself/node/code/基于Koa定制自己的企业级MVC框架--08/egg-example/node_modules/egg-multipart/app/schedule/clean_tmpdir.js
2019-05-28 17:28:38,808 INFO 12295 [egg-schedule]: register schedule /Users/hjy/Desktop/开课吧/myself/node/code/基于Koa定制自己的企业级MVC框架--08/egg-example/node_modules/egg-logrotator/app/schedule/clean_log.js
2019-05-28 17:28:38,808 INFO 12295 [egg-schedule]: register schedule /Users/hjy/Desktop/开课吧/myself/node/code/基于Koa定制自己的企业级MVC框架--08/egg-example/node_modules/egg-logrotator/app/schedule/rotate_by_file.js
2019-05-28 17:28:53,108 INFO 12304 [egg-schedule]: register schedule /Users/hjy/Desktop/开课吧/myself/node/code/基于Koa定制自己的企业级MVC框架--08/egg-example/node_modules/egg-multipart/app/schedule/clean_tmpdir.js
2019-05-28 17:28:53,108 INFO 12304 [egg-schedule]: register schedule /Users/hjy/Desktop/开课吧/myself/node/code/基于Koa定制自己的企业级MVC框架--08/egg-example/node_modules/egg-logrotator/app/schedule/clean_log.js
2019-05-28 17:28:53,108 INFO 12304 [egg-schedule]: register schedule /Users/hjy/Desktop/开课吧/myself/node/code/基于Koa定制自己的企业级MVC框架--08/egg-example/node_modules/egg-logrotator/app/schedule/rotate_by_file.js
2019-05-28 17:29:21,068 INFO 12322 [egg-schedule]: register schedule /Users/hjy/Desktop/开课吧/myself/node/code/基于Koa定制自己的企业级MVC框架--08/egg-example/node_modules/egg-multipart/app/schedule/clean_tmpdir.js
2019-05-28 17:29:21,068 INFO 12322 [egg-schedule]: register schedule /Users/hjy/Desktop/开课吧/myself/node/code/基于Koa定制自己的企业级MVC框架--08/egg-example/node_modules/egg-logrotator/app/schedule/clean_log.js
2019-05-28 17:29:21,068 INFO 12322 [egg-schedule]: register schedule /Users/hjy/Desktop/开课吧/myself/node/code/基于Koa定制自己的企业级MVC框架--08/egg-example/node_modules/egg-logrotator/app/schedule/rotate_by_file.js
2019-05-28 17:29:30,662 INFO 12338 [egg-schedule]: register schedule /Users/hjy/Desktop/开课吧/myself/node/code/基于Koa定制自己的企业级MVC框架--08/egg-example/node_modules/egg-multipart/app/schedule/clean_tmpdir.js
2019-05-28 17:29:30,662 INFO 12338 [egg-schedule]: register schedule /Users/hjy/Desktop/开课吧/myself/node/code/基于Koa定制自己的企业级MVC框架--08/egg-example/node_modules/egg-logrotator/app/schedule/clean_log.js
2019-05-28 17:29:30,662 INFO 12338 [egg-schedule]: register schedule /Users/hjy/Desktop/开课吧/myself/node/code/基于Koa定制自己的企业级MVC框架--08/egg-example/node_modules/egg-logrotator/app/schedule/rotate_by_file.js
2019-05-28 17:29:39,263 INFO 12347 [egg-schedule]: register schedule /Users/hjy/Desktop/开课吧/myself/node/code/基于Koa定制自己的企业级MVC框架--08/egg-example/node_modules/egg-multipart/app/schedule/clean_tmpdir.js
2019-05-28 17:29:39,263 INFO 12347 [egg-schedule]: register schedule /Users/hjy/Desktop/开课吧/myself/node/code/基于Koa定制自己的企业级MVC框架--08/egg-example/node_modules/egg-logrotator/app/schedule/clean_log.js
2019-05-28 17:29:39,263 INFO 12347 [egg-schedule]: register schedule /Users/hjy/Desktop/开课吧/myself/node/code/基于Koa定制自己的企业级MVC框架--08/egg-example/node_modules/egg-logrotator/app/schedule/rotate_by_file.js
